#
# A fatal error has been detected by the Java Runtime Environment:
#
#  SIGBUS (0xa) at pc=0x000000011078d85b, pid=3661, tid=0x000000000002e403
#
# JRE version: Java(TM) SE Runtime Environment (8.0_172-b11) (build 1.8.0_172-b11)
# Java VM: Java HotSpot(TM) 64-Bit Server VM (25.172-b11 mixed mode bsd-amd64 compressed oops)
# Problematic frame:
# j  java.net.AbstractPlainSocketImpl.setConnectionResetPending()V+0
#
# Failed to write core dump. Core dumps have been disabled. To enable core dumping, try "ulimit -c unlimited" before starting Java again
#
# If you would like to submit a bug report, please visit:
#   http://bugreport.java.com/bugreport/crash.jsp
#

---------------  T H R E A D  ---------------

Current thread (0x00007fbdb8468800):  JavaThread "Executor task launch worker for task 388" daemon [_thread_in_Java, id=189443, stack(0x000070001a535000,0x000070001a635000)]

siginfo: si_signo: 10 (SIGBUS), si_code: 2 (BUS_ADRERR), si_addr: 0x000070001a62dce0

Registers:
RAX=0x0000000123c87d20, RBX=0x0000000122688180, RCX=0x0000000000000010, RDX=0x000000012268af90
RSP=0x000070001a633ce0, RBP=0x000070001a633d20, RSI=0x00000006c09439b0, RDI=0x000070001a633cc0
R8 =0x00000006c0943b40, R9 =0x0000000104f56a00, R10=0x00000001060fc4c0, R11=0x0000000111265880
R12=0x0000000000000000, R13=0x0000000122688140, R14=0x000070001a633d40, R15=0x00007fbdb8468800
RIP=0x000000011078d85b, EFLAGS=0x0000000000010202, ERR=0x0000000000000006
  TRAPNO=0x000000000000000e

Top of Stack: (sp=0x000070001a633ce0)
0x000070001a633ce0:   000070001a633ce0 0000000122688140
0x000070001a633cf0:   000070001a633d40 000000012268af90
0x000070001a633d00:   0000000123c87e20 0000000122688180
0x000070001a633d10:   0000000000000000 000070001a633d40
0x000070001a633d20:   000070001a633d88 00000001107822bd
0x000070001a633d30:   0000000000000000 0000000000000000
0x000070001a633d40:   00000006c09439b0 000070001a633d48
0x000070001a633d50:   000000012269ef4b 000070001a633de8
0x000070001a633d60:   000000012269f630 0000000123c8aab0
0x000070001a633d70:   000000012269f060 000070001a633d40
0x000070001a633d80:   000070001a633df0 000000079645aac0
0x000070001a633d90:   000000011120145c 0000000000000000
0x000070001a633da0:   0000000000000000 00000007a158b008
0x000070001a633db0:   00000006c0943a20 0000000000000001
0x000070001a633dc0:   0000000000000000 deaddeaf00000000
0x000070001a633dd0:   deaddeaf00010000 deaddeaf00000000
0x000070001a633de0:   00000006c0d92ee8 00000006c0943a40
0x000070001a633df0:   0000000123c7cae0 0000000000000000
0x000070001a633e00:   00000006c0d71be8 000000011119927c
0x000070001a633e10:   00000001107822bd 00000006c0d71c08
0x000070001a633e20:   00000006c0d71c08 00000007c0026a00
0x000070001a633e30:   00000006c0d71c08 0000016eccf26fb3
0x000070001a633e40:   00000006c0d71be8 0000000796459988
0x000070001a633e50:   000000079645aac0 0000000796458f90
0x000070001a633e60:   00000006c0d71c30 000000011121c698
0x000070001a633e70:   00000006c0d71c30 00000007c006d2f0
0x000070001a633e80:   000070001a633f00 0000000123c19b18
0x000070001a633e90:   0000000000000000 0000000123c14220
0x000070001a633ea0:   00000000d8007b95 0000000111040894
0x000070001a633eb0:   000070001a633f48 0000000110782040
0x000070001a633ec0:   000000011104080c 0000000796459978
0x000070001a633ed0:   000070001a633f38 0000000110781ad5 

Instructions: (pc=0x000000011078d85b)
0x000000011078d83b:   00 f0 ff ff 89 84 24 00 e0 ff ff 89 84 24 00 d0
0x000000011078d84b:   ff ff 89 84 24 00 c0 ff ff 89 84 24 00 b0 ff ff
0x000000011078d85b:   89 84 24 00 a0 ff ff 89 84 24 00 90 ff ff 89 84
0x000000011078d86b:   24 00 80 ff ff 89 84 24 00 70 ff ff 89 84 24 00 

Register to memory mapping:

RAX=0x0000000123c87d20 is pointing into metadata
RBX={method} {0x0000000122688180} 'setConnectionResetPending' '()V' in 'java/net/AbstractPlainSocketImpl'
RCX=0x0000000000000010 is an unknown value
RDX=0x000000012268af90 is pointing into metadata
RSP=0x000070001a633ce0 is pointing into the stack for thread: 0x00007fbdb8468800
RBP=0x000070001a633d20 is pointing into the stack for thread: 0x00007fbdb8468800
RSI=0x00000006c09439b0 is an oop
java.net.SocksSocketImpl 
 - klass: 'java/net/SocksSocketImpl'
RDI=0x000070001a633cc0 is pointing into the stack for thread: 0x00007fbdb8468800
R8 =0x00000006c0943b40 is an oop
java.lang.Object 
 - klass: 'java/lang/Object'
R9 =0x0000000104f56a00 is an unknown value
R10=0x00000001060fc4c0: _ZN19TemplateInterpreter20_invoke_return_entryE+0 in /Library/Java/JavaVirtualMachines/jdk1.8.0_172.jdk/Contents/Home/jre/lib/server/libjvm.dylib at 0x0000000105800000
R11=0x0000000111265880 is at entry_point+32 in (nmethod*)0x0000000111265710
R12=0x0000000000000000 is an unknown value
R13=0x0000000122688140 is pointing into metadata
R14=0x000070001a633d40 is pointing into the stack for thread: 0x00007fbdb8468800
R15=0x00007fbdb8468800 is a thread


Stack: [0x000070001a535000,0x000070001a635000],  sp=0x000070001a633ce0,  free space=1019k
Native frames: (J=compiled Java code, j=interpreted, Vv=VM code, C=native code)
j  java.net.AbstractPlainSocketImpl.setConnectionResetPending()V+0
j  java.net.SocketInputStream.read([BIII)I+187
J 5973 C2 java.net.SocketInputStream.read([BII)I (15 bytes) @ 0x000000011120145c [0x0000000111201420+0x3c]
J 4371 C2 java.io.DataInputStream.readInt()I (72 bytes) @ 0x000000011119927c [0x0000000111198ee0+0x39c]
J 5867 C2 org.apache.spark.api.python.BasePythonRunner$ReaderIterator.hasNext()Z (39 bytes) @ 0x000000011121c698 [0x000000011121c580+0x118]
J 3634 C2 org.apache.spark.InterruptibleIterator.hasNext()Z (17 bytes) @ 0x000000011104080c [0x0000000111040780+0x8c]
j  scala.collection.Iterator$GroupedIterator.fill()Z+4
j  scala.collection.Iterator$GroupedIterator.hasNext()Z+8
j  scala.collection.Iterator$$anon$11.hasNext()Z+4
J 7851 C1 org.apache.spark.shuffle.sort.BypassMergeSortShuffleWriter.write(Lscala/collection/Iterator;)V (456 bytes) @ 0x0000000110edd2ac [0x0000000110edd180+0x12c]
j  org.apache.spark.scheduler.ShuffleMapTask.runTask(Lorg/apache/spark/TaskContext;)Lorg/apache/spark/scheduler/MapStatus;+222
j  org.apache.spark.scheduler.ShuffleMapTask.runTask(Lorg/apache/spark/TaskContext;)Ljava/lang/Object;+2
j  org.apache.spark.scheduler.Task.run(JILorg/apache/spark/metrics/MetricsSystem;)Ljava/lang/Object;+210
j  org.apache.spark.executor.Executor$TaskRunner$$anonfun$10.apply()Ljava/lang/Object;+37
J 5847 C1 org.apache.spark.util.Utils$.tryWithSafeFinally(Lscala/Function0;Lscala/Function0;)Ljava/lang/Object; (182 bytes) @ 0x0000000110fda794 [0x0000000110fda680+0x114]
j  org.apache.spark.executor.Executor$TaskRunner.run()V+383
j  java.util.concurrent.ThreadPoolExecutor.runWorker(Ljava/util/concurrent/ThreadPoolExecutor$Worker;)V+95
j  java.util.concurrent.ThreadPoolExecutor$Worker.run()V+5
j  java.lang.Thread.run()V+11
v  ~StubRoutines::call_stub
V  [libjvm.dylib+0x2f0b3a]  JavaCalls::call_helper(JavaValue*, methodHandle*, JavaCallArguments*, Thread*)+0x6ae
V  [libjvm.dylib+0x2f12de]  JavaCalls::call_virtual(JavaValue*, KlassHandle, Symbol*, Symbol*, JavaCallArguments*, Thread*)+0x164
V  [libjvm.dylib+0x2f148a]  JavaCalls::call_virtual(JavaValue*, Handle, KlassHandle, Symbol*, Symbol*, Thread*)+0x4a
V  [libjvm.dylib+0x34bdb1]  thread_entry(JavaThread*, Thread*)+0x7c
V  [libjvm.dylib+0x570a2f]  JavaThread::thread_main_inner()+0x9b
V  [libjvm.dylib+0x57212a]  JavaThread::run()+0x1c2
V  [libjvm.dylib+0x48f2f6]  java_start(Thread*)+0xf6
C  [libsystem_pthread.dylib+0x333d]  _pthread_body+0x7e
C  [libsystem_pthread.dylib+0x62a7]  _pthread_start+0x46
C  [libsystem_pthread.dylib+0x2425]  thread_start+0xd
C  0x0000000000000000


---------------  P R O C E S S  ---------------

Java Threads: ( => current thread )
  0x00007fbdb78c9000 JavaThread "Worker Monitor for python" daemon [_thread_blocked, id=345611, stack(0x000070001fe3d000,0x000070001ff3d000)]
  0x00007fbdb9a5b800 JavaThread "stdout writer for python" daemon [_thread_in_native, id=360203, stack(0x000070001fd3a000,0x000070001fe3a000)]
  0x00007fbdb826b800 JavaThread "Worker Monitor for python" daemon [_thread_blocked, id=382219, stack(0x000070001fb34000,0x000070001fc34000)]
  0x00007fbdb9a5a800 JavaThread "stdout writer for python" daemon [_thread_blocked, id=316683, stack(0x000070001ef10000,0x000070001f010000)]
  0x00007fbdb56dc000 JavaThread "Worker Monitor for python" daemon [_thread_blocked, id=293387, stack(0x000070001e8fe000,0x000070001e9fe000)]
  0x00007fbdb9a61800 JavaThread "Worker Monitor for python" daemon [_thread_blocked, id=285195, stack(0x000070001dbd7000,0x000070001dcd7000)]
  0x00007fbdb9a61000 JavaThread "stdout writer for python" daemon [_thread_blocked, id=335371, stack(0x000070001d9d1000,0x000070001dad1000)]
  0x00007fbdb9a60000 JavaThread "Worker Monitor for python" daemon [_thread_blocked, id=286475, stack(0x000070001d1b9000,0x000070001d2b9000)]
  0x00007fbdb9a5f800 JavaThread "stdout writer for python" daemon [_thread_in_native, id=344331, stack(0x000070001ccaa000,0x000070001cdaa000)]
  0x00007fbdb7a0c000 JavaThread "stdout writer for python" daemon [_thread_in_native, id=300811, stack(0x000070001c89e000,0x000070001c99e000)]
  0x00007fbdb7bd2800 JavaThread "Worker Monitor for python" daemon [_thread_blocked, id=338955, stack(0x000070001bc7a000,0x000070001bd7a000)]
  0x00007fbdb7b2b800 JavaThread "stdout writer for python" daemon [_thread_in_native, id=236299, stack(0x000070001b35f000,0x000070001b45f000)]
  0x00007fbdb78ec800 JavaThread "Worker Monitor for python" daemon [_thread_blocked, id=303627, stack(0x000070001b159000,0x000070001b259000)]
  0x00007fbdb7965000 JavaThread "stdout writer for python" daemon [_thread_in_native, id=278539, stack(0x0000700019608000,0x0000700019708000)]
  0x00007fbdb3964000 JavaThread "Worker Monitor for python" daemon [_thread_blocked, id=294923, stack(0x0000700018ef3000,0x0000700018ff3000)]
  0x00007fbdb7989000 JavaThread "stdout writer for python" daemon [_thread_blocked, id=295179, stack(0x0000700018ae7000,0x0000700018be7000)]
  0x00007fbdb9a5e800 JavaThread "Worker Monitor for python" daemon [_thread_blocked, id=313355, stack(0x00007000187de000,0x00007000188de000)]
  0x00007fbdb831c800 JavaThread "stdout writer for python" daemon [_thread_in_vm, id=289803, stack(0x00007000132e2000,0x00007000133e2000)]
  0x00007fbdb9cba800 JavaThread "Worker Monitor for python" daemon [_thread_blocked, id=290059, stack(0x0000700011997000,0x0000700011a97000)]
  0x00007fbdb996d000 JavaThread "stdout writer for python" daemon [_thread_blocked, id=291851, stack(0x0000700011385000,0x0000700011485000)]
  0x00007fbdb55d1000 JavaThread "task-result-getter-3" daemon [_thread_blocked, id=441607, stack(0x000070001fc37000,0x000070001fd37000)]
  0x00007fbdb549a000 JavaThread "task-result-getter-2" daemon [_thread_blocked, id=479239, stack(0x000070001fa31000,0x000070001fb31000)]
  0x00007fbdb8a5e000 JavaThread "task-result-getter-1" daemon [_thread_blocked, id=438023, stack(0x000070001f92e000,0x000070001fa2e000)]
  0x00007fbdba01b000 JavaThread "task-result-getter-0" daemon [_thread_blocked, id=475143, stack(0x000070001f728000,0x000070001f828000)]
  0x00007fbdb88d7800 JavaThread "SparkUI-855" daemon [_thread_blocked, id=306951, stack(0x000070001f82b000,0x000070001f92b000)]
  0x00007fbdb79ef800 JavaThread "SparkUI-853" daemon [_thread_in_native, id=341511, stack(0x000070001f625000,0x000070001f725000)]
  0x00007fbdb493a000 JavaThread "SparkUI-JettyScheduler" daemon [_thread_blocked, id=442627, stack(0x0000700038ad5000,0x0000700038bd5000)]
  0x00007fbdb71e9800 JavaThread "stderr reader for python" daemon [_thread_in_native, id=249347, stack(0x000070001f522000,0x000070001f622000)]
  0x00007fbdb8547800 JavaThread "stdout reader for python" daemon [_thread_in_native, id=231427, stack(0x000070001f41f000,0x000070001f51f000)]
  0x00007fbdb8aae000 JavaThread "Executor task launch worker for task 394" daemon [_thread_blocked, id=223747, stack(0x000070001d6c8000,0x000070001d7c8000)]
  0x00007fbdb8471000 JavaThread "Executor task launch worker for task 393" daemon [_thread_in_native, id=198147, stack(0x000070001ba74000,0x000070001bb74000)]
  0x00007fbdb7190800 JavaThread "Executor task launch worker for task 392" daemon [_thread_in_native, id=201475, stack(0x000070001ae50000,0x000070001af50000)]
  0x00007fbdb793e000 JavaThread "Executor task launch worker for task 387" daemon [_thread_blocked, id=191491, stack(0x000070001ad4d000,0x000070001ae4d000)]
  0x00007fbdb718f800 JavaThread "process reaper" daemon [_thread_in_native, id=190979, stack(0x0000700002ad0000,0x0000700002af8000)]
  0x00007fbdb718f000 JavaThread "Executor task launch worker for task 389" daemon [_thread_blocked, id=203523, stack(0x000070001a83e000,0x000070001a93e000)]
  0x00007fbdb7982000 JavaThread "Idle Worker Monitor for python" daemon [_thread_blocked, id=203779, stack(0x000070001a73b000,0x000070001a83b000)]
=>0x00007fbdb8468800 JavaThread "Executor task launch worker for task 388" daemon [_thread_in_Java, id=189443, stack(0x000070001a535000,0x000070001a635000)]
  0x00007fbdb7980800 JavaThread "Executor task launch worker for task 390" daemon [_thread_blocked, id=188419, stack(0x000070001a129000,0x000070001a229000)]
  0x00007fbdb7344000 JavaThread "Executor task launch worker for task 385" daemon [_thread_in_native, id=182275, stack(0x00007000189e4000,0x0000700018ae4000)]
  0x00007fbdb8456800 JavaThread "Executor task launch worker for task 391" daemon [_thread_in_native, id=176131, stack(0x0000700017099000,0x0000700017199000)]
  0x00007fbdb811b800 JavaThread "Executor task launch worker for task 386" daemon [_thread_in_native, id=136451, stack(0x0000700012fd9000,0x00007000130d9000)]
  0x00007fbdb88e4800 JavaThread "org.apache.hadoop.fs.FileSystem$Statistics$StatisticsDataReferenceCleaner" daemon [_thread_blocked, id=169475, stack(0x00007000127c1000,0x00007000128c1000)]
  0x00007fbdb5363000 JavaThread "element-tracking-store-worker" daemon [_thread_blocked, id=134659, stack(0x00007000126be000,0x00007000127be000)]
  0x00007fbdb4b22000 JavaThread "spark-listener-group-executorManagement" daemon [_thread_blocked, id=169987, stack(0x00007000125bb000,0x00007000126bb000)]
  0x00007fbdb6f07800 JavaThread "spark-listener-group-appStatus" daemon [_thread_blocked, id=134403, stack(0x00007000124b8000,0x00007000125b8000)]
  0x00007fbdb7184800 JavaThread "context-cleaner-periodic-gc" daemon [_thread_blocked, id=134147, stack(0x00007000123b5000,0x00007000124b5000)]
  0x00007fbdb78d9000 JavaThread "Spark Context Cleaner" daemon [_thread_blocked, id=170755, stack(0x00007000122b2000,0x00007000123b2000)]
  0x00007fbdb705e800 JavaThread "shuffle-server-5-1" daemon [_thread_blocked, id=133379, stack(0x00007000121af000,0x00007000122af000)]
  0x00007fbdb5e83000 JavaThread "driver-heartbeater" daemon [_thread_blocked, id=133123, stack(0x00007000120ac000,0x00007000121ac000)]
  0x00007fbdb5c37000 JavaThread "dag-scheduler-event-loop" daemon [_thread_blocked, id=171523, stack(0x0000700011fa9000,0x00007000120a9000)]
  0x00007fbdb4c0c800 JavaThread "netty-rpc-env-timeout" daemon [_thread_blocked, id=172035, stack(0x0000700011ea6000,0x0000700011fa6000)]
  0x00007fbdb4c0c000 JavaThread "Timer-1" daemon [_thread_blocked, id=172547, stack(0x0000700011da3000,0x0000700011ea3000)]
  0x00007fbdb41fb800 JavaThread "Timer-0" daemon [_thread_blocked, id=173059, stack(0x0000700011ca0000,0x0000700011da0000)]
  0x00007fbdb4406000 JavaThread "heartbeat-receiver-event-loop-thread" daemon [_thread_blocked, id=173315, stack(0x0000700011b9d000,0x0000700011c9d000)]
  0x00007fbdb5730000 JavaThread "SparkUI-235" daemon [_thread_blocked, id=132611, stack(0x0000700011a9a000,0x0000700011b9a000)]
  0x00007fbdb4309800 JavaThread "SparkUI-233" daemon [_thread_blocked, id=131843, stack(0x0000700011894000,0x0000700011994000)]
  0x00007fbdb4a5f000 JavaThread "SparkUI-232" daemon [_thread_blocked, id=174083, stack(0x0000700011791000,0x0000700011891000)]
  0x00007fbdb55d6800 JavaThread "SparkUI-231" daemon [_thread_blocked, id=174339, stack(0x000070001168e000,0x000070001178e000)]
  0x00007fbdb4308800 JavaThread "SparkUI-230-acceptor-0@2f965f4c-ServerConnector@2151b4ce{HTTP/1.1,[http/1.1]}{0.0.0.0:4040}" daemon [_thread_in_native, id=107779, stack(0x000070001158b000,0x000070001168b000)]
  0x00007fbdb423c800 JavaThread "SparkUI-229" daemon [_thread_in_native, id=107267, stack(0x0000700011488000,0x0000700011588000)]
  0x00007fbdb55d6000 JavaThread "RemoteBlock-temp-file-clean-thread" daemon [_thread_blocked, id=106755, stack(0x0000700011282000,0x0000700011382000)]
  0x00007fbdb5b6b800 JavaThread "map-output-dispatcher-7" daemon [_thread_blocked, id=106499, stack(0x000070001117f000,0x000070001127f000)]
  0x00007fbdb5b6b000 JavaThread "map-output-dispatcher-6" daemon [_thread_blocked, id=105987, stack(0x000070001107c000,0x000070001117c000)]
  0x00007fbdb5b6a000 JavaThread "map-output-dispatcher-5" daemon [_thread_blocked, id=109059, stack(0x0000700010f79000,0x0000700011079000)]
  0x00007fbdb5b69800 JavaThread "map-output-dispatcher-4" daemon [_thread_blocked, id=109571, stack(0x0000700010e76000,0x0000700010f76000)]
  0x00007fbdb5b10000 JavaThread "map-output-dispatcher-3" daemon [_thread_blocked, id=110083, stack(0x0000700010d73000,0x0000700010e73000)]
  0x00007fbdb5b0f800 JavaThread "map-output-dispatcher-2" daemon [_thread_blocked, id=110339, stack(0x0000700010c70000,0x0000700010d70000)]
  0x00007fbdb5a93000 JavaThread "map-output-dispatcher-1" daemon [_thread_blocked, id=110851, stack(0x0000700010b6d000,0x0000700010c6d000)]
  0x00007fbdb5a92800 JavaThread "map-output-dispatcher-0" daemon [_thread_blocked, id=111363, stack(0x0000700010a6a000,0x0000700010b6a000)]
  0x00007fbdb55ff800 JavaThread "rpc-server-3-1" daemon [_thread_blocked, id=105219, stack(0x0000700010967000,0x0000700010a67000)]
  0x00007fbdb55cf800 JavaThread "dispatcher-event-loop-199" daemon [_thread_blocked, id=111875, stack(0x0000700010864000,0x0000700010964000)]
  0x00007fbdb55ce800 JavaThread "dispatcher-event-loop-198" daemon [_thread_blocked, id=112387, stack(0x0000700010761000,0x0000700010861000)]
  0x00007fbdb55ce000 JavaThread "dispatcher-event-loop-197" daemon [_thread_blocked, id=104707, stack(0x000070001065e000,0x000070001075e000)]
  0x00007fbdb40fe800 JavaThread "dispatcher-event-loop-196" daemon [_thread_blocked, id=104451, stack(0x000070001055b000,0x000070001065b000)]
  0x00007fbdb40fe000 JavaThread "dispatcher-event-loop-195" daemon [_thread_blocked, id=112899, stack(0x0000700010458000,0x0000700010558000)]
  0x00007fbdb40fd000 JavaThread "dispatcher-event-loop-194" daemon [_thread_blocked, id=103939, stack(0x0000700010355000,0x0000700010455000)]
  0x00007fbdb40fc800 JavaThread "dispatcher-event-loop-193" daemon [_thread_blocked, id=113667, stack(0x0000700010252000,0x0000700010352000)]
  0x00007fbdb40fb800 JavaThread "dispatcher-event-loop-192" daemon [_thread_blocked, id=113923, stack(0x000070001014f000,0x000070001024f000)]
  0x00007fbdb4210800 JavaThread "dispatcher-event-loop-191" daemon [_thread_blocked, id=103171, stack(0x000070001004c000,0x000070001014c000)]
  0x00007fbdb4210000 JavaThread "dispatcher-event-loop-190" daemon [_thread_blocked, id=114435, stack(0x000070000ff49000,0x0000700010049000)]
  0x00007fbdb420f000 JavaThread "dispatcher-event-loop-189" daemon [_thread_blocked, id=102659, stack(0x000070000fe46000,0x000070000ff46000)]
  0x00007fbdb55cd000 JavaThread "dispatcher-event-loop-188" daemon [_thread_blocked, id=114691, stack(0x000070000fd43000,0x000070000fe43000)]
  0x00007fbdb55cc800 JavaThread "dispatcher-event-loop-187" daemon [_thread_blocked, id=114947, stack(0x000070000fc40000,0x000070000fd40000)]
  0x00007fbdb55cb800 JavaThread "dispatcher-event-loop-186" daemon [_thread_blocked, id=115459, stack(0x000070000fb3d000,0x000070000fc3d000)]
  0x00007fbdb55cb000 JavaThread "dispatcher-event-loop-185" daemon [_thread_blocked, id=101635, stack(0x000070000fa3a000,0x000070000fb3a000)]
  0x00007fbdb3908000 JavaThread "dispatcher-event-loop-184" daemon [_thread_blocked, id=115971, stack(0x000070000f937000,0x000070000fa37000)]
  0x00007fbdb55ca000 JavaThread "dispatcher-event-loop-183" daemon [_thread_blocked, id=101379, stack(0x000070000f834000,0x000070000f934000)]
  0x00007fbdb3907800 JavaThread "dispatcher-event-loop-182" daemon [_thread_blocked, id=100867, stack(0x000070000f731000,0x000070000f831000)]
  0x00007fbdb3906800 JavaThread "dispatcher-event-loop-181" daemon [_thread_blocked, id=116739, stack(0x000070000f62e000,0x000070000f72e000)]
  0x00007fbdb3906000 JavaThread "dispatcher-event-loop-180" daemon [_thread_blocked, id=116995, stack(0x000070000f52b000,0x000070000f62b000)]
  0x00007fbdb3905000 JavaThread "dispatcher-event-loop-179" daemon [_thread_blocked, id=117251, stack(0x000070000f428000,0x000070000f528000)]
  0x00007fbdb3904800 JavaThread "dispatcher-event-loop-178" daemon [_thread_blocked, id=117763, stack(0x000070000f325000,0x000070000f425000)]
  0x00007fbdb4ac4800 JavaThread "dispatcher-event-loop-177" daemon [_thread_blocked, id=99843, stack(0x000070000f222000,0x000070000f322000)]
  0x00007fbdb4ac4000 JavaThread "dispatcher-event-loop-176" daemon [_thread_blocked, id=99331, stack(0x000070000f11f000,0x000070000f21f000)]
  0x00007fbdb3903800 JavaThread "dispatcher-event-loop-175" daemon [_thread_blocked, id=98819, stack(0x000070000f01c000,0x000070000f11c000)]
  0x00007fbdb3903000 JavaThread "dispatcher-event-loop-174" daemon [_thread_blocked, id=98307, stack(0x000070000ef19000,0x000070000f019000)]
  0x00007fbdb3902000 JavaThread "dispatcher-event-loop-173" daemon [_thread_blocked, id=118275, stack(0x000070000ee16000,0x000070000ef16000)]
  0x00007fbdb3901800 JavaThread "dispatcher-event-loop-172" daemon [_thread_blocked, id=118787, stack(0x000070000ed13000,0x000070000ee13000)]
  0x00007fbdb3900800 JavaThread "dispatcher-event-loop-171" daemon [_thread_blocked, id=98051, stack(0x000070000ec10000,0x000070000ed10000)]
  0x00007fbdb3900000 JavaThread "dispatcher-event-loop-170" daemon [_thread_blocked, id=97795, stack(0x000070000eb0d000,0x000070000ec0d000)]
  0x00007fbdb38ff000 JavaThread "dispatcher-event-loop-169" daemon [_thread_blocked, id=97283, stack(0x000070000ea0a000,0x000070000eb0a000)]
  0x00007fbdb38fe800 JavaThread "dispatcher-event-loop-168" daemon [_thread_blocked, id=119555, stack(0x000070000e907000,0x000070000ea07000)]
  0x00007fbdb4ac3000 JavaThread "dispatcher-event-loop-167" daemon [_thread_blocked, id=96771, stack(0x000070000e804000,0x000070000e904000)]
  0x00007fbdb38fd800 JavaThread "dispatcher-event-loop-166" daemon [_thread_blocked, id=120323, stack(0x000070000e701000,0x000070000e801000)]
  0x00007fbdb38fd000 JavaThread "dispatcher-event-loop-165" daemon [_thread_blocked, id=120835, stack(0x000070000e5fe000,0x000070000e6fe000)]
  0x00007fbdb38fc000 JavaThread "dispatcher-event-loop-164" daemon [_thread_blocked, id=96515, stack(0x000070000e4fb000,0x000070000e5fb000)]
  0x00007fbdb55c9800 JavaThread "dispatcher-event-loop-163" daemon [_thread_blocked, id=96003, stack(0x000070000e3f8000,0x000070000e4f8000)]
  0x00007fbdb55c8800 JavaThread "dispatcher-event-loop-162" daemon [_thread_blocked, id=121347, stack(0x000070000e2f5000,0x000070000e3f5000)]
  0x00007fbdb55c8000 JavaThread "dispatcher-event-loop-161" daemon [_thread_blocked, id=95491, stack(0x000070000e1f2000,0x000070000e2f2000)]
  0x00007fbdb55c7000 JavaThread "dispatcher-event-loop-160" daemon [_thread_blocked, id=94979, stack(0x000070000e0ef000,0x000070000e1ef000)]
  0x00007fbdb55c6800 JavaThread "dispatcher-event-loop-159" daemon [_thread_blocked, id=122115, stack(0x000070000dfec000,0x000070000e0ec000)]
  0x00007fbdb55c5800 JavaThread "dispatcher-event-loop-158" daemon [_thread_blocked, id=122627, stack(0x000070000dee9000,0x000070000dfe9000)]
  0x00007fbdb55c5000 JavaThread "dispatcher-event-loop-157" daemon [_thread_blocked, id=123139, stack(0x000070000dde6000,0x000070000dee6000)]
  0x00007fbdb38fb800 JavaThread "dispatcher-event-loop-156" daemon [_thread_blocked, id=94467, stack(0x000070000dce3000,0x000070000dde3000)]
  0x00007fbdb55c4000 JavaThread "dispatcher-event-loop-155" daemon [_thread_blocked, id=123651, stack(0x000070000dbe0000,0x000070000dce0000)]
  0x00007fbdb55c3800 JavaThread "dispatcher-event-loop-154" daemon [_thread_blocked, id=94211, stack(0x000070000dadd000,0x000070000dbdd000)]
  0x00007fbdb55c2800 JavaThread "dispatcher-event-loop-153" daemon [_thread_blocked, id=93699, stack(0x000070000d9da000,0x000070000dada000)]
  0x00007fbdb55c2000 JavaThread "dispatcher-event-loop-152" daemon [_thread_blocked, id=124163, stack(0x000070000d8d7000,0x000070000d9d7000)]
  0x00007fbdb55c1000 JavaThread "dispatcher-event-loop-151" daemon [_thread_blocked, id=124675, stack(0x000070000d7d4000,0x000070000d8d4000)]
  0x00007fbdb55c0800 JavaThread "dispatcher-event-loop-150" daemon [_thread_blocked, id=124931, stack(0x000070000d6d1000,0x000070000d7d1000)]
  0x00007fbdb4ac2800 JavaThread "dispatcher-event-loop-149" daemon [_thread_blocked, id=92931, stack(0x000070000d5ce000,0x000070000d6ce000)]
  0x00007fbdb4ac1800 JavaThread "dispatcher-event-loop-148" daemon [_thread_blocked, id=125443, stack(0x000070000d4cb000,0x000070000d5cb000)]
  0x00007fbdb55bf800 JavaThread "dispatcher-event-loop-147" daemon [_thread_blocked, id=92419, stack(0x000070000d3c8000,0x000070000d4c8000)]
  0x00007fbdb55bf000 JavaThread "dispatcher-event-loop-146" daemon [_thread_blocked, id=92163, stack(0x000070000d2c5000,0x000070000d3c5000)]
  0x00007fbdb55be000 JavaThread "dispatcher-event-loop-145" daemon [_thread_blocked, id=126467, stack(0x000070000d1c2000,0x000070000d2c2000)]
  0x00007fbdb55bd800 JavaThread "dispatcher-event-loop-144" daemon [_thread_blocked, id=126979, stack(0x000070000d0bf000,0x000070000d1bf000)]
  0x00007fbdb55bc800 JavaThread "dispatcher-event-loop-143" daemon [_thread_blocked, id=91907, stack(0x000070000cfbc000,0x000070000d0bc000)]
  0x00007fbdb55bc000 JavaThread "dispatcher-event-loop-142" daemon [_thread_blocked, id=91651, stack(0x000070000ceb9000,0x000070000cfb9000)]
  0x00007fbdb55bb000 JavaThread "dispatcher-event-loop-141" daemon [_thread_blocked, id=128003, stack(0x000070000cdb6000,0x000070000ceb6000)]
  0x00007fbdb55ba800 JavaThread "dispatcher-event-loop-140" daemon [_thread_blocked, id=128259, stack(0x000070000ccb3000,0x000070000cdb3000)]
  0x00007fbdb55b9800 JavaThread "dispatcher-event-loop-139" daemon [_thread_blocked, id=91139, stack(0x000070000cbb0000,0x000070000ccb0000)]
  0x00007fbdb55b9000 JavaThread "dispatcher-event-loop-138" daemon [_thread_blocked, id=90883, stack(0x000070000caad000,0x000070000cbad000)]
  0x00007fbdb55b8000 JavaThread "dispatcher-event-loop-137" daemon [_thread_blocked, id=90371, stack(0x000070000c9aa000,0x000070000caaa000)]
  0x00007fbdb55b7800 JavaThread "dispatcher-event-loop-136" daemon [_thread_blocked, id=89859, stack(0x000070000c8a7000,0x000070000c9a7000)]
  0x00007fbdb38fa800 JavaThread "dispatcher-event-loop-135" daemon [_thread_blocked, id=129027, stack(0x000070000c7a4000,0x000070000c8a4000)]
  0x00007fbdb38fa000 JavaThread "dispatcher-event-loop-134" daemon [_thread_blocked, id=129283, stack(0x000070000c6a1000,0x000070000c7a1000)]
  0x00007fbdb38f9000 JavaThread "dispatcher-event-loop-133" daemon [_thread_blocked, id=129795, stack(0x000070000c59e000,0x000070000c69e000)]
  0x00007fbdb55b6800 JavaThread "dispatcher-event-loop-132" daemon [_thread_blocked, id=88835, stack(0x000070000c49b000,0x000070000c59b000)]
  0x00007fbdb55b6000 JavaThread "dispatcher-event-loop-131" daemon [_thread_blocked, id=130307, stack(0x000070000c398000,0x000070000c498000)]
  0x00007fbdb38f8800 JavaThread "dispatcher-event-loop-130" daemon [_thread_blocked, id=88579, stack(0x000070000c295000,0x000070000c395000)]
  0x00007fbdb38f7800 JavaThread "dispatcher-event-loop-129" daemon [_thread_blocked, id=88067, stack(0x000070000c192000,0x000070000c292000)]
  0x00007fbdb38f7000 JavaThread "dispatcher-event-loop-128" daemon [_thread_blocked, id=87811, stack(0x000070000c08f000,0x000070000c18f000)]
  0x00007fbdb38f6000 JavaThread "dispatcher-event-loop-127" daemon [_thread_blocked, id=87299, stack(0x000070000bf8c000,0x000070000c08c000)]
  0x00007fbdb38f5800 JavaThread "dispatcher-event-loop-126" daemon [_thread_blocked, id=63491, stack(0x000070000be89000,0x000070000bf89000)]
  0x00007fbdb38f4800 JavaThread "dispatcher-event-loop-125" daemon [_thread_blocked, id=64003, stack(0x000070000bd86000,0x000070000be86000)]
  0x00007fbdb38f4000 JavaThread "dispatcher-event-loop-124" daemon [_thread_blocked, id=64515, stack(0x000070000bc83000,0x000070000bd83000)]
  0x00007fbdb394a000 JavaThread "dispatcher-event-loop-123" daemon [_thread_blocked, id=65027, stack(0x000070000bb80000,0x000070000bc80000)]
  0x00007fbdb55b5000 JavaThread "dispatcher-event-loop-122" daemon [_thread_blocked, id=65283, stack(0x000070000ba7d000,0x000070000bb7d000)]
  0x00007fbdb55b4800 JavaThread "dispatcher-event-loop-121" daemon [_thread_blocked, id=65795, stack(0x000070000b97a000,0x000070000ba7a000)]
  0x00007fbdb3949000 JavaThread "dispatcher-event-loop-120" daemon [_thread_blocked, id=66307, stack(0x000070000b877000,0x000070000b977000)]
  0x00007fbdb3948800 JavaThread "dispatcher-event-loop-119" daemon [_thread_blocked, id=62467, stack(0x000070000b774000,0x000070000b874000)]
  0x00007fbdb4ac0800 JavaThread "dispatcher-event-loop-118" daemon [_thread_blocked, id=66563, stack(0x000070000b671000,0x000070000b771000)]
  0x00007fbdb55b3800 JavaThread "dispatcher-event-loop-117" daemon [_thread_blocked, id=61955, stack(0x000070000b56e000,0x000070000b66e000)]
  0x00007fbdb55b3000 JavaThread "dispatcher-event-loop-116" daemon [_thread_blocked, id=67075, stack(0x000070000b46b000,0x000070000b56b000)]
  0x00007fbdb3947800 JavaThread "dispatcher-event-loop-115" daemon [_thread_blocked, id=61443, stack(0x000070000b368000,0x000070000b468000)]
  0x00007fbdb420e800 JavaThread "dispatcher-event-loop-114" daemon [_thread_blocked, id=61187, stack(0x000070000b265000,0x000070000b365000)]
  0x00007fbdb55b2000 JavaThread "dispatcher-event-loop-113" daemon [_thread_blocked, id=60675, stack(0x000070000b162000,0x000070000b262000)]
  0x00007fbdb55b1800 JavaThread "dispatcher-event-loop-112" daemon [_thread_blocked, id=60163, stack(0x000070000b05f000,0x000070000b15f000)]
  0x00007fbdb55b0800 JavaThread "dispatcher-event-loop-111" daemon [_thread_blocked, id=59651, stack(0x000070000af5c000,0x000070000b05c000)]
  0x00007fbdb55b0000 JavaThread "dispatcher-event-loop-110" daemon [_thread_blocked, id=67843, stack(0x000070000ae59000,0x000070000af59000)]
  0x00007fbdb55af000 JavaThread "dispatcher-event-loop-109" daemon [_thread_blocked, id=59139, stack(0x000070000ad56000,0x000070000ae56000)]
  0x00007fbdb55ae800 JavaThread "dispatcher-event-loop-108" daemon [_thread_blocked, id=68611, stack(0x000070000ac53000,0x000070000ad53000)]
  0x00007fbdb3947000 JavaThread "dispatcher-event-loop-107" daemon [_thread_blocked, id=68867, stack(0x000070000ab50000,0x000070000ac50000)]
  0x00007fbdb3946000 JavaThread "dispatcher-event-loop-106" daemon [_thread_blocked, id=69379, stack(0x000070000aa4d000,0x000070000ab4d000)]
  0x00007fbdb3945800 JavaThread "dispatcher-event-loop-105" daemon [_thread_blocked, id=69891, stack(0x000070000a94a000,0x000070000aa4a000)]
  0x00007fbdb3944800 JavaThread "dispatcher-event-loop-104" daemon [_thread_blocked, id=58627, stack(0x000070000a847000,0x000070000a947000)]
  0x00007fbdb3944000 JavaThread "dispatcher-event-loop-103" daemon [_thread_blocked, id=70403, stack(0x000070000a744000,0x000070000a844000)]
  0x00007fbdb3943000 JavaThread "dispatcher-event-loop-102" daemon [_thread_blocked, id=70915, stack(0x000070000a641000,0x000070000a741000)]
  0x00007fbdb3942800 JavaThread "dispatcher-event-loop-101" daemon [_thread_blocked, id=57859, stack(0x000070000a53e000,0x000070000a63e000)]
  0x00007fbdb55ad800 JavaThread "dispatcher-event-loop-100" daemon [_thread_blocked, id=71171, stack(0x000070000a43b000,0x000070000a53b000)]
  0x00007fbdb55ad000 JavaThread "dispatcher-event-loop-99" daemon [_thread_blocked, id=57091, stack(0x000070000a338000,0x000070000a438000)]
  0x00007fbdb55ac000 JavaThread "dispatcher-event-loop-98" daemon [_thread_blocked, id=56835, stack(0x000070000a235000,0x000070000a335000)]
  0x00007fbdb55ab800 JavaThread "dispatcher-event-loop-97" daemon [_thread_blocked, id=56323, stack(0x000070000a132000,0x000070000a232000)]
  0x00007fbdb55aa800 JavaThread "dispatcher-event-loop-96" daemon [_thread_blocked, id=71939, stack(0x000070000a02f000,0x000070000a12f000)]
  0x00007fbdb55aa000 JavaThread "dispatcher-event-loop-95" daemon [_thread_blocked, id=56067, stack(0x0000700009f2c000,0x000070000a02c000)]
  0x00007fbdb55a9000 JavaThread "dispatcher-event-loop-94" daemon [_thread_blocked, id=55811, stack(0x0000700009e29000,0x0000700009f29000)]
  0x00007fbdb3941800 JavaThread "dispatcher-event-loop-93" daemon [_thread_blocked, id=72707, stack(0x0000700009d26000,0x0000700009e26000)]
  0x00007fbdb420d800 JavaThread "dispatcher-event-loop-92" daemon [_thread_blocked, id=73219, stack(0x0000700009c23000,0x0000700009d23000)]
  0x00007fbdb3941000 JavaThread "dispatcher-event-loop-91" daemon [_thread_blocked, id=73731, stack(0x0000700009b20000,0x0000700009c20000)]
  0x00007fbdb3940000 JavaThread "dispatcher-event-loop-90" daemon [_thread_blocked, id=74243, stack(0x0000700009a1d000,0x0000700009b1d000)]
  0x00007fbdb393f800 JavaThread "dispatcher-event-loop-89" daemon [_thread_blocked, id=74499, stack(0x000070000991a000,0x0000700009a1a000)]
  0x00007fbdb393e800 JavaThread "dispatcher-event-loop-88" daemon [_thread_blocked, id=74755, stack(0x0000700009817000,0x0000700009917000)]
  0x00007fbdb393e000 JavaThread "dispatcher-event-loop-87" daemon [_thread_blocked, id=54787, stack(0x0000700009714000,0x0000700009814000)]
  0x00007fbdb393d000 JavaThread "dispatcher-event-loop-86" daemon [_thread_blocked, id=54531, stack(0x0000700009611000,0x0000700009711000)]
  0x00007fbdb393c800 JavaThread "dispatcher-event-loop-85" daemon [_thread_blocked, id=54019, stack(0x000070000950e000,0x000070000960e000)]
  0x00007fbdb393b800 JavaThread "dispatcher-event-loop-84" daemon [_thread_blocked, id=53763, stack(0x000070000940b000,0x000070000950b000)]
  0x00007fbdb393b000 JavaThread "dispatcher-event-loop-83" daemon [_thread_blocked, id=53507, stack(0x0000700009308000,0x0000700009408000)]
  0x00007fbdb4abf800 JavaThread "dispatcher-event-loop-82" daemon [_thread_blocked, id=76291, stack(0x0000700009205000,0x0000700009305000)]
  0x00007fbdb55a8800 JavaThread "dispatcher-event-loop-81" daemon [_thread_blocked, id=52995, stack(0x0000700009102000,0x0000700009202000)]
  0x00007fbdb55a7800 JavaThread "dispatcher-event-loop-80" daemon [_thread_blocked, id=76803, stack(0x0000700008fff000,0x00007000090ff000)]
  0x00007fbdb55a7000 JavaThread "dispatcher-event-loop-79" daemon [_thread_blocked, id=52739, stack(0x0000700008efc000,0x0000700008ffc000)]
  0x00007fbdb55a6000 JavaThread "dispatcher-event-loop-78" daemon [_thread_blocked, id=52483, stack(0x0000700008df9000,0x0000700008ef9000)]
  0x00007fbdb420d000 JavaThread "dispatcher-event-loop-77" daemon [_thread_blocked, id=77571, stack(0x0000700008cf6000,0x0000700008df6000)]
  0x00007fbdb393a000 JavaThread "dispatcher-event-loop-76" daemon [_thread_blocked, id=51971, stack(0x0000700008bf3000,0x0000700008cf3000)]
  0x00007fbdb55a5800 JavaThread "dispatcher-event-loop-75" daemon [_thread_blocked, id=78083, stack(0x0000700008af0000,0x0000700008bf0000)]
  0x00007fbdb55a4800 JavaThread "dispatcher-event-loop-74" daemon [_thread_blocked, id=78595, stack(0x00007000089ed000,0x0000700008aed000)]
  0x00007fbdb55a4000 JavaThread "dispatcher-event-loop-73" daemon [_thread_blocked, id=79107, stack(0x00007000088ea000,0x00007000089ea000)]
  0x00007fbdb55a3000 JavaThread "dispatcher-event-loop-72" daemon [_thread_blocked, id=51459, stack(0x00007000087e7000,0x00007000088e7000)]
  0x00007fbdb3939800 JavaThread "dispatcher-event-loop-71" daemon [_thread_blocked, id=79619, stack(0x00007000086e4000,0x00007000087e4000)]
  0x00007fbdb4abf000 JavaThread "dispatcher-event-loop-70" daemon [_thread_blocked, id=50691, stack(0x00007000085e1000,0x00007000086e1000)]
  0x00007fbdb5994000 JavaThread "dispatcher-event-loop-69" daemon [_thread_blocked, id=50435, stack(0x00007000084de000,0x00007000085de000)]
  0x00007fbdb5993000 JavaThread "dispatcher-event-loop-68" daemon [_thread_blocked, id=49923, stack(0x00007000083db000,0x00007000084db000)]
  0x00007fbdb55a2800 JavaThread "dispatcher-event-loop-67" daemon [_thread_blocked, id=49411, stack(0x00007000082d8000,0x00007000083d8000)]
  0x00007fbdb55a1800 JavaThread "dispatcher-event-loop-66" daemon [_thread_blocked, id=80131, stack(0x00007000081d5000,0x00007000082d5000)]
  0x00007fbdb55a1000 JavaThread "dispatcher-event-loop-65" daemon [_thread_blocked, id=48899, stack(0x00007000080d2000,0x00007000081d2000)]
  0x00007fbdb55a0000 JavaThread "dispatcher-event-loop-64" daemon [_thread_blocked, id=48643, stack(0x0000700007fcf000,0x00007000080cf000)]
  0x00007fbdb559f800 JavaThread "dispatcher-event-loop-63" daemon [_thread_blocked, id=80899, stack(0x0000700007ecc000,0x0000700007fcc000)]
  0x00007fbdb559e800 JavaThread "dispatcher-event-loop-62" daemon [_thread_blocked, id=81411, stack(0x0000700007dc9000,0x0000700007ec9000)]
  0x00007fbdb559e000 JavaThread "dispatcher-event-loop-61" daemon [_thread_blocked, id=48131, stack(0x0000700007cc6000,0x0000700007dc6000)]
  0x00007fbdb559d000 JavaThread "dispatcher-event-loop-60" daemon [_thread_blocked, id=82179, stack(0x0000700007bc3000,0x0000700007cc3000)]
  0x00007fbdb559c800 JavaThread "dispatcher-event-loop-59" daemon [_thread_blocked, id=82691, stack(0x0000700007ac0000,0x0000700007bc0000)]
  0x00007fbdb559b800 JavaThread "dispatcher-event-loop-58" daemon [_thread_blocked, id=47875, stack(0x00007000079bd000,0x0000700007abd000)]
  0x00007fbdb559b000 JavaThread "dispatcher-event-loop-57" daemon [_thread_blocked, id=47363, stack(0x00007000078ba000,0x00007000079ba000)]
  0x00007fbdb559a000 JavaThread "dispatcher-event-loop-56" daemon [_thread_blocked, id=46851, stack(0x00007000077b7000,0x00007000078b7000)]
  0x00007fbdb5599800 JavaThread "dispatcher-event-loop-55" daemon [_thread_blocked, id=46339, stack(0x00007000076b4000,0x00007000077b4000)]
  0x00007fbdb5598800 JavaThread "dispatcher-event-loop-54" daemon [_thread_blocked, id=83203, stack(0x00007000075b1000,0x00007000076b1000)]
  0x00007fbdb5598000 JavaThread "dispatcher-event-loop-53" daemon [_thread_blocked, id=83715, stack(0x00007000074ae000,0x00007000075ae000)]
  0x00007fbdb5597000 JavaThread "dispatcher-event-loop-52" daemon [_thread_blocked, id=45827, stack(0x00007000073ab000,0x00007000074ab000)]
  0x00007fbdb5596800 JavaThread "dispatcher-event-loop-51" daemon [_thread_blocked, id=84227, stack(0x00007000072a8000,0x00007000073a8000)]
  0x00007fbdb5992800 JavaThread "dispatcher-event-loop-50" daemon [_thread_blocked, id=45315, stack(0x00007000071a5000,0x00007000072a5000)]
  0x00007fbdb5595800 JavaThread "dispatcher-event-loop-49" daemon [_thread_blocked, id=84995, stack(0x00007000070a2000,0x00007000071a2000)]
  0x00007fbdb5595000 JavaThread "dispatcher-event-loop-48" daemon [_thread_blocked, id=85251, stack(0x0000700006f9f000,0x000070000709f000)]
  0x00007fbdb5594000 JavaThread "dispatcher-event-loop-47" daemon [_thread_blocked, id=85507, stack(0x0000700006e9c000,0x0000700006f9c000)]
  0x00007fbdb5593800 JavaThread "dispatcher-event-loop-46" daemon [_thread_blocked, id=86019, stack(0x0000700006d99000,0x0000700006e99000)]
  0x00007fbdb5592800 JavaThread "dispatcher-event-loop-45" daemon [_thread_blocked, id=86275, stack(0x0000700006c96000,0x0000700006d96000)]
  0x00007fbdb5592000 JavaThread "dispatcher-event-loop-44" daemon [_thread_blocked, id=86787, stack(0x0000700006b93000,0x0000700006c93000)]
  0x00007fbdb5591000 JavaThread "dispatcher-event-loop-43" daemon [_thread_blocked, id=44035, stack(0x0000700006a90000,0x0000700006b90000)]
  0x00007fbdb5590800 JavaThread "dispatcher-event-loop-42" daemon [_thread_blocked, id=43779, stack(0x000070000698d000,0x0000700006a8d000)]
  0x00007fbdb558f800 JavaThread "dispatcher-event-loop-41" daemon [_thread_blocked, id=31235, stack(0x000070000688a000,0x000070000698a000)]
  0x00007fbdb54d4800 JavaThread "dispatcher-event-loop-40" daemon [_thread_blocked, id=31747, stack(0x0000700006787000,0x0000700006887000)]
  0x00007fbdb54d3800 JavaThread "dispatcher-event-loop-39" daemon [_thread_blocked, id=30979, stack(0x0000700006684000,0x0000700006784000)]
  0x00007fbdb54d3000 JavaThread "dispatcher-event-loop-38" daemon [_thread_blocked, id=32515, stack(0x0000700006581000,0x0000700006681000)]
  0x00007fbdb54d2000 JavaThread "dispatcher-event-loop-37" daemon [_thread_blocked, id=33027, stack(0x000070000647e000,0x000070000657e000)]
  0x00007fbdb54d1800 JavaThread "dispatcher-event-loop-36" daemon [_thread_blocked, id=30467, stack(0x000070000637b000,0x000070000647b000)]
  0x00007fbdb54d0800 JavaThread "dispatcher-event-loop-35" daemon [_thread_blocked, id=29955, stack(0x0000700006278000,0x0000700006378000)]
  0x00007fbdb54d0000 JavaThread "dispatcher-event-loop-34" daemon [_thread_blocked, id=33539, stack(0x0000700006175000,0x0000700006275000)]
  0x00007fbdb54cf000 JavaThread "dispatcher-event-loop-33" daemon [_thread_blocked, id=29699, stack(0x0000700006072000,0x0000700006172000)]
  0x00007fbdb54ce800 JavaThread "dispatcher-event-loop-32" daemon [_thread_blocked, id=29187, stack(0x0000700005f6f000,0x000070000606f000)]
  0x00007fbdb420c000 JavaThread "dispatcher-event-loop-31" daemon [_thread_blocked, id=28931, stack(0x0000700005e6c000,0x0000700005f6c000)]
  0x00007fbdb4abe000 JavaThread "dispatcher-event-loop-30" daemon [_thread_blocked, id=34563, stack(0x0000700005d69000,0x0000700005e69000)]
  0x00007fbdb410a800 JavaThread "dispatcher-event-loop-29" daemon [_thread_blocked, id=28419, stack(0x0000700005c66000,0x0000700005d66000)]
  0x00007fbdb4171800 JavaThread "dispatcher-event-loop-28" daemon [_thread_blocked, id=28163, stack(0x0000700005b63000,0x0000700005c63000)]
  0x00007fbdb54cd800 JavaThread "dispatcher-event-loop-27" daemon [_thread_blocked, id=27651, stack(0x0000700005a60000,0x0000700005b60000)]
  0x00007fbdb54cd000 JavaThread "dispatcher-event-loop-26" daemon [_thread_blocked, id=35331, stack(0x000070000595d000,0x0000700005a5d000)]
  0x00007fbdb54cc000 JavaThread "dispatcher-event-loop-25" daemon [_thread_blocked, id=35587, stack(0x000070000585a000,0x000070000595a000)]
  0x00007fbdb426e800 JavaThread "dispatcher-event-loop-24" daemon [_thread_blocked, id=36099, stack(0x0000700005757000,0x0000700005857000)]
  0x00007fbdb54cb800 JavaThread "dispatcher-event-loop-23" daemon [_thread_blocked, id=36611, stack(0x0000700005654000,0x0000700005754000)]
  0x00007fbdb54ca800 JavaThread "dispatcher-event-loop-22" daemon [_thread_blocked, id=26883, stack(0x0000700005551000,0x0000700005651000)]
  0x00007fbdb54ca000 JavaThread "dispatcher-event-loop-21" daemon [_thread_blocked, id=26627, stack(0x000070000544e000,0x000070000554e000)]
  0x00007fbdb5989000 JavaThread "dispatcher-event-loop-20" daemon [_thread_blocked, id=37123, stack(0x000070000534b000,0x000070000544b000)]
  0x00007fbdb5988000 JavaThread "dispatcher-event-loop-19" daemon [_thread_blocked, id=26115, stack(0x0000700005248000,0x0000700005348000)]
  0x00007fbdb5987800 JavaThread "dispatcher-event-loop-18" daemon [_thread_blocked, id=37891, stack(0x0000700005145000,0x0000700005245000)]
  0x00007fbdb5986800 JavaThread "dispatcher-event-loop-17" daemon [_thread_blocked, id=38403, stack(0x0000700005042000,0x0000700005142000)]
  0x00007fbdb5986000 JavaThread "dispatcher-event-loop-16" daemon [_thread_blocked, id=25603, stack(0x0000700004f3f000,0x000070000503f000)]
  0x00007fbdb5985000 JavaThread "dispatcher-event-loop-15" daemon [_thread_blocked, id=38915, stack(0x0000700004e3c000,0x0000700004f3c000)]
  0x00007fbdb5984800 JavaThread "dispatcher-event-loop-14" daemon [_thread_blocked, id=25347, stack(0x0000700004d39000,0x0000700004e39000)]
  0x00007fbdb3930000 JavaThread "dispatcher-event-loop-13" daemon [_thread_blocked, id=24835, stack(0x0000700004c36000,0x0000700004d36000)]
  0x00007fbdb392f800 JavaThread "dispatcher-event-loop-12" daemon [_thread_blocked, id=39427, stack(0x0000700004b33000,0x0000700004c33000)]
  0x00007fbdb392e800 JavaThread "dispatcher-event-loop-11" daemon [_thread_blocked, id=24067, stack(0x0000700004a30000,0x0000700004b30000)]
  0x00007fbdb392e000 JavaThread "dispatcher-event-loop-10" daemon [_thread_blocked, id=23811, stack(0x000070000492d000,0x0000700004a2d000)]
  0x00007fbdb392d000 JavaThread "dispatcher-event-loop-9" daemon [_thread_blocked, id=23299, stack(0x000070000482a000,0x000070000492a000)]
  0x00007fbdb392c800 JavaThread "dispatcher-event-loop-8" daemon [_thread_blocked, id=40195, stack(0x0000700004727000,0x0000700004827000)]
  0x00007fbdb392b800 JavaThread "dispatcher-event-loop-7" daemon [_thread_blocked, id=40707, stack(0x0000700004624000,0x0000700004724000)]
  0x00007fbdb392b000 JavaThread "dispatcher-event-loop-6" daemon [_thread_blocked, id=23043, stack(0x0000700004521000,0x0000700004621000)]
  0x00007fbdb4a79000 JavaThread "dispatcher-event-loop-5" daemon [_thread_blocked, id=41219, stack(0x000070000441e000,0x000070000451e000)]
  0x00007fbdb54c9000 JavaThread "dispatcher-event-loop-4" daemon [_thread_blocked, id=41731, stack(0x000070000431b000,0x000070000441b000)]
  0x00007fbdb54d7000 JavaThread "dispatcher-event-loop-3" daemon [_thread_blocked, id=42243, stack(0x0000700004218000,0x0000700004318000)]
  0x00007fbdb3928000 JavaThread "dispatcher-event-loop-2" daemon [_thread_blocked, id=42755, stack(0x0000700004115000,0x0000700004215000)]
  0x00007fbdb3927000 JavaThread "dispatcher-event-loop-1" daemon [_thread_blocked, id=43267, stack(0x0000700004012000,0x0000700004112000)]
  0x00007fbdb5a5b000 JavaThread "dispatcher-event-loop-0" daemon [_thread_blocked, id=6151, stack(0x0000700003f0f000,0x000070000400f000)]
  0x00007fbdb416a800 JavaThread "Thread-4" daemon [_thread_blocked, id=22019, stack(0x0000700003e0c000,0x0000700003f0c000)]
  0x00007fbdb5518000 JavaThread "redirect output" daemon [_thread_in_native, id=16131, stack(0x0000700003d09000,0x0000700003e09000)]
  0x00007fbdb4a02000 JavaThread "process reaper" daemon [_thread_in_native, id=16903, stack(0x0000700003b03000,0x0000700003b2b000)]
  0x00007fbdb49f5000 JavaThread "Thread-3" daemon [_thread_in_native, id=15875, stack(0x0000700003c06000,0x0000700003d06000)]
  0x00007fbdb5517000 JavaThread "pool-1-thread-1" [_thread_blocked, id=17415, stack(0x0000700003a00000,0x0000700003b00000)]
  0x00007fbdb3879800 JavaThread "Service Thread" daemon [_thread_blocked, id=18435, stack(0x00007000037fa000,0x00007000038fa000)]
  0x00007fbdb3876800 JavaThread "C1 CompilerThread2" daemon [_thread_blocked, id=15107, stack(0x00007000036f7000,0x00007000037f7000)]
  0x00007fbdb3876000 JavaThread "C2 CompilerThread1" daemon [_thread_blocked, id=14595, stack(0x00007000035f4000,0x00007000036f4000)]
  0x00007fbdb3882800 JavaThread "C2 CompilerThread0" daemon [_thread_blocked, id=14339, stack(0x00007000034f1000,0x00007000035f1000)]
  0x00007fbdb3881800 JavaThread "Signal Dispatcher" daemon [_thread_blocked, id=13827, stack(0x00007000033ee000,0x00007000034ee000)]
  0x00007fbdb3848000 JavaThread "Finalizer" daemon [_thread_blocked, id=12035, stack(0x00007000032eb000,0x00007000033eb000)]
  0x00007fbdb3847000 JavaThread "Reference Handler" daemon [_thread_blocked, id=11779, stack(0x00007000031e8000,0x00007000032e8000)]
  0x00007fbdb3807800 JavaThread "main" [_thread_blocked, id=8963, stack(0x0000700002bd6000,0x0000700002cd6000)]

Other Threads:
  0x00007fbdb5039800 VMThread [stack: 0x00007000030e5000,0x00007000031e5000] [id=20995]
  0x00007fbdb384a800 WatcherThread [stack: 0x00007000038fd000,0x00007000039fd000] [id=15363]

VM state:synchronizing (normal execution)

VM Mutex/Monitor currently owned by a thread:  ([mutex/lock_event])
[0x00007fbdb3411ca0] Safepoint_lock - owner thread: 0x00007fbdb5039800
[0x00007fbdb3411d20] Threads_lock - owner thread: 0x00007fbdb5039800

Heap:
 PSYoungGen      total 1329152K, used 895676K [0x000000076ab00000, 0x00000007c0000000, 0x00000007c0000000)
  eden space 1263616K, 70% used [0x000000076ab00000,0x00000007a15af250,0x00000007b7d00000)
  from space 65536K, 0% used [0x00000007bc000000,0x00000007bc000000,0x00000007c0000000)
  to   space 67072K, 0% used [0x00000007b7d00000,0x00000007b7d00000,0x00000007bbe80000)
 ParOldGen       total 351744K, used 50330K [0x00000006c0000000, 0x00000006d5780000, 0x000000076ab00000)
  object space 351744K, 14% used [0x00000006c0000000,0x00000006c31268b8,0x00000006d5780000)
 Metaspace       used 50228K, capacity 50846K, committed 51248K, reserved 1093632K
  class space    used 7011K, capacity 7162K, committed 7216K, reserved 1048576K

Card table byte_map: [0x0000000106b75000,0x0000000107376000] byte_map_base: 0x0000000103575000

Marking Bits: (ParMarkBitMap*) 0x00000001060faae0
 Begin Bits: [0x00000001078cc000, 0x000000010b8cc000)
 End Bits:   [0x000000010b8cc000, 0x000000010f8cc000)

Polling page: 0x0000000104fe7000

CodeCache: size=245760Kb used=17129Kb max_used=17471Kb free=228630Kb
 bounds [0x000000011077a000, 0x00000001118aa000, 0x000000011f77a000]
 total_blobs=7361 nmethods=6762 adapters=511
 compilation: enabled

Compilation events (10 events):
Event: 1931.100 Thread 0x00007fbdb3876800 9102       3       java.util.concurrent.locks.AbstractQueuedSynchronizer::setHeadAndPropagate (65 bytes)
Event: 1931.104 Thread 0x00007fbdb3876800 nmethod 9102 0x0000000110958e50 code [0x0000000110958fe0, 0x0000000110959548]
Event: 1950.129 Thread 0x00007fbdb3876000 9103   !   4       java.util.concurrent.LinkedBlockingQueue::take (93 bytes)
Event: 1950.737 Thread 0x00007fbdb3876000 nmethod 9103 0x00000001112bc3d0 code [0x00000001112bc6a0, 0x00000001112bda78]
Event: 2001.102 Thread 0x00007fbdb3882800 9104       4       scala.collection.TraversableLike$class::to (34 bytes)
Event: 2001.147 Thread 0x00007fbdb3882800 nmethod 9104 0x00000001117747d0 code [0x0000000111774920, 0x00000001117749f8]
Event: 2031.087 Thread 0x00007fbdb3876800 9105       3       org.apache.spark.util.kvstore.ArrayWrappers$ComparableObjectArray::hashCode (36 bytes)
Event: 2031.104 Thread 0x00007fbdb3876800 nmethod 9105 0x00000001117cdb50 code [0x00000001117cdce0, 0x00000001117cdfe8]
Event: 2044.213 Thread 0x00007fbdb3876800 9106       3       scala.collection.mutable.ArrayBuilder$ofRef::sizeHint (14 bytes)
Event: 2044.223 Thread 0x00007fbdb3876800 nmethod 9106 0x0000000110c6c790 code [0x0000000110c6c920, 0x0000000110c6cc48]

GC Heap History (10 events):
Event: 1086.339 GC heap before
{Heap before GC invocations=183 (full 10):
 PSYoungGen      total 1333248K, used 1316628K [0x000000076ab00000, 0x00000007c0000000, 0x00000007c0000000)
  eden space 1276928K, 99% used [0x000000076ab00000,0x00000007b89fcea0,0x00000007b8a00000)
  from space 56320K, 70% used [0x00000007bc900000,0x00000007befc8480,0x00000007c0000000)
  to   space 60416K, 0% used [0x00000007b8a00000,0x00000007b8a00000,0x00000007bc500000)
 ParOldGen       total 351744K, used 65191K [0x00000006c0000000, 0x00000006d5780000, 0x000000076ab00000)
  object space 351744K, 18% used [0x00000006c0000000,0x00000006c3fa9ff0,0x00000006d5780000)
 Metaspace       used 50171K, capacity 50782K, committed 51248K, reserved 1093632K
  class space    used 7010K, capacity 7162K, committed 7216K, reserved 1048576K
Event: 1086.730 GC heap after
Heap after GC invocations=183 (full 10):
 PSYoungGen      total 1313792K, used 36508K [0x000000076ab00000, 0x00000007c0000000, 0x00000007c0000000)
  eden space 1276928K, 0% used [0x000000076ab00000,0x000000076ab00000,0x00000007b8a00000)
  from space 36864K, 99% used [0x00000007b8a00000,0x00000007bada7170,0x00000007bae00000)
  to   space 62464K, 0% used [0x00000007bc300000,0x00000007bc300000,0x00000007c0000000)
 ParOldGen       total 351744K, used 65191K [0x00000006c0000000, 0x00000006d5780000, 0x000000076ab00000)
  object space 351744K, 18% used [0x00000006c0000000,0x00000006c3fa9ff0,0x00000006d5780000)
 Metaspace       used 50171K, capacity 50782K, committed 51248K, reserved 1093632K
  class space    used 7010K, capacity 7162K, committed 7216K, reserved 1048576K
}
Event: 1324.348 GC heap before
{Heap before GC invocations=184 (full 10):
 PSYoungGen      total 1313792K, used 1313436K [0x000000076ab00000, 0x00000007c0000000, 0x00000007c0000000)
  eden space 1276928K, 100% used [0x000000076ab00000,0x00000007b8a00000,0x00000007b8a00000)
  from space 36864K, 99% used [0x00000007b8a00000,0x00000007bada7170,0x00000007bae00000)
  to   space 62464K, 0% used [0x00000007bc300000,0x00000007bc300000,0x00000007c0000000)
 ParOldGen       total 351744K, used 65191K [0x00000006c0000000, 0x00000006d5780000, 0x000000076ab00000)
  object space 351744K, 18% used [0x00000006c0000000,0x00000006c3fa9ff0,0x00000006d5780000)
 Metaspace       used 50208K, capacity 50782K, committed 51248K, reserved 1093632K
  class space    used 7010K, capacity 7162K, committed 7216K, reserved 1048576K
Event: 1324.897 GC heap after
Heap after GC invocations=184 (full 10):
 PSYoungGen      total 1331200K, used 37995K [0x000000076ab00000, 0x00000007c0000000, 0x00000007c0000000)
  eden space 1268736K, 0% used [0x000000076ab00000,0x000000076ab00000,0x00000007b8200000)
  from space 62464K, 60% used [0x00000007bc300000,0x00000007be81ad60,0x00000007c0000000)
  to   space 64512K, 0% used [0x00000007b8200000,0x00000007b8200000,0x00000007bc100000)
 ParOldGen       total 351744K, used 65199K [0x00000006c0000000, 0x00000006d5780000, 0x000000076ab00000)
  object space 351744K, 18% used [0x00000006c0000000,0x00000006c3fabff0,0x00000006d5780000)
 Metaspace       used 50208K, capacity 50782K, committed 51248K, reserved 1093632K
  class space    used 7010K, capacity 7162K, committed 7216K, reserved 1048576K
}
Event: 1614.297 GC heap before
{Heap before GC invocations=185 (full 10):
 PSYoungGen      total 1331200K, used 1306696K [0x000000076ab00000, 0x00000007c0000000, 0x00000007c0000000)
  eden space 1268736K, 99% used [0x000000076ab00000,0x00000007b81f73e0,0x00000007b8200000)
  from space 62464K, 60% used [0x00000007bc300000,0x00000007be81ad60,0x00000007c0000000)
  to   space 64512K, 0% used [0x00000007b8200000,0x00000007b8200000,0x00000007bc100000)
 ParOldGen       total 351744K, used 65199K [0x00000006c0000000, 0x00000006d5780000, 0x000000076ab00000)
  object space 351744K, 18% used [0x00000006c0000000,0x00000006c3fabff0,0x00000006d5780000)
 Metaspace       used 50212K, capacity 50782K, committed 51248K, reserved 1093632K
  class space    used 7010K, capacity 7162K, committed 7216K, reserved 1048576K
Event: 1619.887 GC heap after
Heap after GC invocations=185 (full 10):
 PSYoungGen      total 1306624K, used 37829K [0x000000076ab00000, 0x00000007c0000000, 0x00000007c0000000)
  eden space 1268736K, 0% used [0x000000076ab00000,0x000000076ab00000,0x00000007b8200000)
  from space 37888K, 99% used [0x00000007b8200000,0x00000007ba6f15b8,0x00000007ba700000)
  to   space 65536K, 0% used [0x00000007bc000000,0x00000007bc000000,0x00000007c0000000)
 ParOldGen       total 351744K, used 65199K [0x00000006c0000000, 0x00000006d5780000, 0x000000076ab00000)
  object space 351744K, 18% used [0x00000006c0000000,0x00000006c3fabff0,0x00000006d5780000)
 Metaspace       used 50212K, capacity 50782K, committed 51248K, reserved 1093632K
  class space    used 7010K, capacity 7162K, committed 7216K, reserved 1048576K
}
Event: 1807.955 GC heap before
{Heap before GC invocations=186 (full 10):
 PSYoungGen      total 1306624K, used 806551K [0x000000076ab00000, 0x00000007c0000000, 0x00000007c0000000)
  eden space 1268736K, 60% used [0x000000076ab00000,0x00000007999b4880,0x00000007b8200000)
  from space 37888K, 99% used [0x00000007b8200000,0x00000007ba6f15b8,0x00000007ba700000)
  to   space 65536K, 0% used [0x00000007bc000000,0x00000007bc000000,0x00000007c0000000)
 ParOldGen       total 351744K, used 65199K [0x00000006c0000000, 0x00000006d5780000, 0x000000076ab00000)
  object space 351744K, 18% used [0x00000006c0000000,0x00000006c3fabff0,0x00000006d5780000)
 Metaspace       used 50218K, capacity 50782K, committed 51248K, reserved 1093632K
  class space    used 7010K, capacity 7162K, committed 7216K, reserved 1048576K
Event: 1808.842 GC heap after
Heap after GC invocations=186 (full 10):
 PSYoungGen      total 1329152K, used 40077K [0x000000076ab00000, 0x00000007c0000000, 0x00000007c0000000)
  eden space 1263616K, 0% used [0x000000076ab00000,0x000000076ab00000,0x00000007b7d00000)
  from space 65536K, 61% used [0x00000007bc000000,0x00000007be723708,0x00000007c0000000)
  to   space 67072K, 0% used [0x00000007b7d00000,0x00000007b7d00000,0x00000007bbe80000)
 ParOldGen       total 351744K, used 65199K [0x00000006c0000000, 0x00000006d5780000, 0x000000076ab00000)
  object space 351744K, 18% used [0x00000006c0000000,0x00000006c3fabff0,0x00000006d5780000)
 Metaspace       used 50218K, capacity 50782K, committed 51248K, reserved 1093632K
  class space    used 7010K, capacity 7162K, committed 7216K, reserved 1048576K
}
Event: 1808.842 GC heap before
{Heap before GC invocations=187 (full 11):
 PSYoungGen      total 1329152K, used 40077K [0x000000076ab00000, 0x00000007c0000000, 0x00000007c0000000)
  eden space 1263616K, 0% used [0x000000076ab00000,0x000000076ab00000,0x00000007b7d00000)
  from space 65536K, 61% used [0x00000007bc000000,0x00000007be723708,0x00000007c0000000)
  to   space 67072K, 0% used [0x00000007b7d00000,0x00000007b7d00000,0x00000007bbe80000)
 ParOldGen       total 351744K, used 65199K [0x00000006c0000000, 0x00000006d5780000, 0x000000076ab00000)
  object space 351744K, 18% used [0x00000006c0000000,0x00000006c3fabff0,0x00000006d5780000)
 Metaspace       used 50218K, capacity 50782K, committed 51248K, reserved 1093632K
  class space    used 7010K, capacity 7162K, committed 7216K, reserved 1048576K
Event: 1815.620 GC heap after
Heap after GC invocations=187 (full 11):
 PSYoungGen      total 1329152K, used 0K [0x000000076ab00000, 0x00000007c0000000, 0x00000007c0000000)
  eden space 1263616K, 0% used [0x000000076ab00000,0x000000076ab00000,0x00000007b7d00000)
  from space 65536K, 0% used [0x00000007bc000000,0x00000007bc000000,0x00000007c0000000)
  to   space 67072K, 0% used [0x00000007b7d00000,0x00000007b7d00000,0x00000007bbe80000)
 ParOldGen       total 351744K, used 50330K [0x00000006c0000000, 0x00000006d5780000, 0x000000076ab00000)
  object space 351744K, 14% used [0x00000006c0000000,0x00000006c31268b8,0x00000006d5780000)
 Metaspace       used 50218K, capacity 50782K, committed 51248K, reserved 1093632K
  class space    used 7010K, capacity 7162K, committed 7216K, reserved 1048576K
}

Deoptimization events (10 events):
Event: 371.062 Thread 0x00007fbdb5e83000 Uncommon trap: reason=array_check action=maybe_recompile pc=0x0000000111803914 method=scala.runtime.ScalaRunTime$.array_update(Ljava/lang/Object;ILjava/lang/Object;)V @ 17
Event: 371.062 Thread 0x00007fbdb5e83000 Uncommon trap: reason=array_check action=maybe_recompile pc=0x0000000111803914 method=scala.runtime.ScalaRunTime$.array_update(Ljava/lang/Object;ILjava/lang/Object;)V @ 17
Event: 371.062 Thread 0x00007fbdb5e83000 Uncommon trap: reason=array_check action=maybe_recompile pc=0x0000000111803914 method=scala.runtime.ScalaRunTime$.array_update(Ljava/lang/Object;ILjava/lang/Object;)V @ 17
Event: 371.063 Thread 0x00007fbdb5e83000 Uncommon trap: reason=array_check action=maybe_recompile pc=0x0000000111803914 method=scala.runtime.ScalaRunTime$.array_update(Ljava/lang/Object;ILjava/lang/Object;)V @ 17
Event: 2067.169 Thread 0x00007fbdb831c800 Uncommon trap: reason=null_assert action=make_not_entrant pc=0x0000000110ec519c method=java.net.SocketOutputStream.socketWrite([BII)V @ 99
Event: 2067.169 Thread 0x00007fbdb9a61000 Uncommon trap: reason=null_assert action=make_not_entrant pc=0x0000000110ec519c method=java.net.SocketOutputStream.socketWrite([BII)V @ 99
Event: 2067.169 Thread 0x00007fbdb9a5a800 Uncommon trap: reason=null_assert action=make_not_entrant pc=0x0000000110ec519c method=java.net.SocketOutputStream.socketWrite([BII)V @ 99
Event: 2067.353 Thread 0x00007fbdb718f000 Uncommon trap: reason=unloaded action=reinterpret pc=0x000000011130e438 method=java.net.SocketInputStream.read([BIII)I @ 151
Event: 2067.355 Thread 0x00007fbdb7980800 Uncommon trap: reason=unloaded action=reinterpret pc=0x000000011130e438 method=java.net.SocketInputStream.read([BIII)I @ 151
Event: 2067.355 Thread 0x00007fbdb8468800 Uncommon trap: reason=unloaded action=reinterpret pc=0x000000011130e438 method=java.net.SocketInputStream.read([BIII)I @ 151

Classes redefined (0 events):
No events

Internal exceptions (10 events):
Event: 259.937 Thread 0x00007fbdb5c37000 Exception <a 'java/lang/NoSuchMethodError': <clinit>> (0x00000007953280b8) thrown at [/Users/java_re/workspace/8-2-build-macosx-x86_64/jdk8u172/10810/hotspot/src/share/vm/prims/jni.cpp, line 1613]
Event: 259.958 Thread 0x00007fbdb54d4800 Exception <a 'java/lang/NoSuchMethodError': <clinit>> (0x0000000795a339a8) thrown at [/Users/java_re/workspace/8-2-build-macosx-x86_64/jdk8u172/10810/hotspot/src/share/vm/prims/jni.cpp, line 1613]
Event: 259.979 Thread 0x00007fbdb54d4800 Exception <a 'java/lang/NoSuchMethodError': <clinit>> (0x0000000795b1d6d0) thrown at [/Users/java_re/workspace/8-2-build-macosx-x86_64/jdk8u172/10810/hotspot/src/share/vm/prims/jni.cpp, line 1613]
Event: 259.980 Thread 0x00007fbdb54d4800 Exception <a 'java/lang/NoSuchMethodError': <clinit>> (0x0000000795b24a40) thrown at [/Users/java_re/workspace/8-2-build-macosx-x86_64/jdk8u172/10810/hotspot/src/share/vm/prims/jni.cpp, line 1613]
Event: 2067.147 Thread 0x00007fbdb9a61000 Exception <a 'java/net/SocketException'> (0x000000079fbc9528) thrown at [/Users/java_re/workspace/8-2-build-macosx-x86_64/jdk8u172/10810/hotspot/src/share/vm/prims/jni.cpp, line 709]
Event: 2067.147 Thread 0x00007fbdb831c800 Exception <a 'java/net/SocketException'> (0x000000079ed8e070) thrown at [/Users/java_re/workspace/8-2-build-macosx-x86_64/jdk8u172/10810/hotspot/src/share/vm/prims/jni.cpp, line 709]
Event: 2067.147 Thread 0x00007fbdb9a5a800 Exception <a 'java/net/SocketException'> (0x00000007a0d0e668) thrown at [/Users/java_re/workspace/8-2-build-macosx-x86_64/jdk8u172/10810/hotspot/src/share/vm/prims/jni.cpp, line 709]
Event: 2067.332 Thread 0x00007fbdb718f000 Exception <a 'sun/net/ConnectionResetException': Connection reset> (0x00000007a1580bb0) thrown at [/Users/java_re/workspace/8-2-build-macosx-x86_64/jdk8u172/10810/hotspot/src/share/vm/prims/jni.cpp, line 735]
Event: 2067.332 Thread 0x00007fbdb8468800 Exception <a 'sun/net/ConnectionResetException': Connection reset> (0x00000007a158b008) thrown at [/Users/java_re/workspace/8-2-build-macosx-x86_64/jdk8u172/10810/hotspot/src/share/vm/prims/jni.cpp, line 735]
Event: 2067.332 Thread 0x00007fbdb7980800 Exception <a 'sun/net/ConnectionResetException': Connection reset> (0x00000007a1576580) thrown at [/Users/java_re/workspace/8-2-build-macosx-x86_64/jdk8u172/10810/hotspot/src/share/vm/prims/jni.cpp, line 735]

Events (10 events):
Event: 2067.355 Thread 0x00007fbdb718f000 DEOPT PACKING pc=0x000000011130e438 sp=0x000070001a93cd90
Event: 2067.355 Thread 0x00007fbdb7980800 Uncommon trap: trap_request=0xffffffbd fr.pc=0x000000011130e438
Event: 2067.355 Thread 0x00007fbdb7980800 DEOPT PACKING pc=0x000000011130e438 sp=0x000070001a227d90
Event: 2067.355 loading class scala/util/control/NonFatal$
Event: 2067.355 Thread 0x00007fbdb8468800 Uncommon trap: trap_request=0xffffffbd fr.pc=0x000000011130e438
Event: 2067.356 loading class scala/util/control/NonFatal$ done
Event: 2067.357 Thread 0x00007fbdb8468800 DEOPT PACKING pc=0x000000011130e438 sp=0x000070001a633d90
Event: 2067.358 Thread 0x00007fbdb8468800 DEOPT UNPACKING pc=0x00000001107bf73a sp=0x000070001a633d30 mode 2
Event: 2067.358 Thread 0x00007fbdb718f000 DEOPT UNPACKING pc=0x00000001107bf73a sp=0x000070001a93cd30 mode 2
Event: 2067.360 Thread 0x00007fbdb7980800 DEOPT UNPACKING pc=0x00000001107bf73a sp=0x000070001a227d30 mode 2


Dynamic libraries:
0x00007fff3b35e000 	/System/Library/Frameworks/Cocoa.framework/Versions/A/Cocoa
0x00007fff475de000 	/System/Library/Frameworks/Security.framework/Versions/A/Security
0x00007fff39f68000 	/System/Library/Frameworks/ApplicationServices.framework/Versions/A/ApplicationServices
0x00007fff68a4f000 	/usr/lib/libz.1.dylib
0x00007fff660c5000 	/usr/lib/libSystem.B.dylib
0x00007fff67b6c000 	/usr/lib/libobjc.A.dylib
0x00007fff3bb80000 	/System/Library/Frameworks/CoreFoundation.framework/Versions/A/CoreFoundation
0x00007fff3deff000 	/System/Library/Frameworks/Foundation.framework/Versions/C/Foundation
0x00007fff390f7000 	/System/Library/Frameworks/AppKit.framework/Versions/C/AppKit
0x00007fff3b6f5000 	/System/Library/Frameworks/CoreData.framework/Versions/A/CoreData
0x00007fff5f2b7000 	/System/Library/PrivateFrameworks/RemoteViewServices.framework/Versions/A/RemoteViewServices
0x00007fff63da0000 	/System/Library/PrivateFrameworks/UIFoundation.framework/Versions/A/UIFoundation
0x00007fff6554c000 	/System/Library/PrivateFrameworks/XCTTargetBootstrap.framework/Versions/A/XCTTargetBootstrap
0x00007fff59e16000 	/System/Library/PrivateFrameworks/IconServices.framework/Versions/A/IconServices
0x00007fff407a4000 	/System/Library/Frameworks/Metal.framework/Versions/A/Metal
0x00007fff510a8000 	/System/Library/PrivateFrameworks/DesktopServicesPriv.framework/Versions/A/DesktopServicesPriv
0x00007fff66e80000 	/usr/lib/libenergytrace.dylib
0x00007fff61b19000 	/System/Library/PrivateFrameworks/SkyLight.framework/Versions/A/SkyLight
0x00007fff3bfd1000 	/System/Library/Frameworks/CoreGraphics.framework/Versions/A/CoreGraphics
0x00007fff37eb2000 	/System/Library/Frameworks/Accelerate.framework/Versions/A/Accelerate
0x00007fff3e685000 	/System/Library/Frameworks/IOSurface.framework/Versions/A/IOSurface
0x00007fff50f0a000 	/System/Library/PrivateFrameworks/DFRFoundation.framework/Versions/A/DFRFoundation
0x00007fff3a46d000 	/System/Library/Frameworks/AudioToolbox.framework/Versions/A/AudioToolbox
0x00007fff3a70b000 	/System/Library/Frameworks/AudioUnit.framework/Versions/A/AudioUnit
0x00007fff50fa1000 	/System/Library/PrivateFrameworks/DataDetectorsCore.framework/Versions/A/DataDetectorsCore
0x00007fff3ae4a000 	/System/Library/Frameworks/Carbon.framework/Versions/A/Frameworks/HIToolbox.framework/Versions/A/HIToolbox
0x00007fff66fdb000 	/usr/lib/libicucore.A.dylib
0x00007fff46b3a000 	/System/Library/Frameworks/QuartzCore.framework/Versions/A/QuartzCore
0x00007fff3b231000 	/System/Library/Frameworks/Carbon.framework/Versions/A/Frameworks/SpeechRecognition.framework/Versions/A/SpeechRecognition
0x00007fff66228000 	/usr/lib/libauto.dylib
0x00007fff68942000 	/usr/lib/libxml2.2.dylib
0x00007fff50b0f000 	/System/Library/PrivateFrameworks/CoreUI.framework/Versions/A/CoreUI
0x00007fff3b5d3000 	/System/Library/Frameworks/CoreAudio.framework/Versions/A/CoreAudio
0x00007fff3dd31000 	/System/Library/Frameworks/DiskArbitration.framework/Versions/A/DiskArbitration
0x00007fff6728b000 	/usr/lib/liblangid.dylib
0x00007fff5b2c0000 	/System/Library/PrivateFrameworks/MultitouchSupport.framework/Versions/A/MultitouchSupport
0x00007fff3e5f2000 	/System/Library/Frameworks/IOKit.framework/Versions/A/IOKit
0x00007fff65d13000 	/usr/lib/libDiagnosticMessagesClient.dylib
0x00007fff3ce3c000 	/System/Library/Frameworks/CoreServices.framework/Versions/A/CoreServices
0x00007fff5cfea000 	/System/Library/PrivateFrameworks/PerformanceAnalysis.framework/Versions/A/PerformanceAnalysis
0x00007fff45ccf000 	/System/Library/Frameworks/OpenGL.framework/Versions/A/OpenGL
0x00007fff3b36c000 	/System/Library/Frameworks/ColorSync.framework/Versions/A/ColorSync
0x00007fff3c660000 	/System/Library/Frameworks/CoreImage.framework/Versions/A/CoreImage
0x00007fff3d87a000 	/System/Library/Frameworks/CoreText.framework/Versions/A/CoreText
0x00007fff3e6e6000 	/System/Library/Frameworks/ImageIO.framework/Versions/A/ImageIO
0x00007fff4d185000 	/System/Library/PrivateFrameworks/Backup.framework/Versions/A/Backup
0x00007fff6617b000 	/usr/lib/libarchive.2.dylib
0x00007fff3aa6f000 	/System/Library/Frameworks/CFNetwork.framework/Versions/A/CFNetwork
0x00007fff47d87000 	/System/Library/Frameworks/SystemConfiguration.framework/Versions/A/SystemConfiguration
0x00007fff65c3c000 	/usr/lib/libCRFSuite.dylib
0x00007fff66320000 	/usr/lib/libc++.1.dylib
0x00007fff66378000 	/usr/lib/libc++abi.dylib
0x00007fff68ad2000 	/usr/lib/system/libcache.dylib
0x00007fff68ad7000 	/usr/lib/system/libcommonCrypto.dylib
0x00007fff68ae2000 	/usr/lib/system/libcompiler_rt.dylib
0x00007fff68aea000 	/usr/lib/system/libcopyfile.dylib
0x00007fff68af4000 	/usr/lib/system/libcorecrypto.dylib
0x00007fff68bfe000 	/usr/lib/system/libdispatch.dylib
0x00007fff68c39000 	/usr/lib/system/libdyld.dylib
0x00007fff68c69000 	/usr/lib/system/libkeymgr.dylib
0x00007fff68c77000 	/usr/lib/system/liblaunch.dylib
0x00007fff68c78000 	/usr/lib/system/libmacho.dylib
0x00007fff68c7e000 	/usr/lib/system/libquarantine.dylib
0x00007fff68c81000 	/usr/lib/system/libremovefile.dylib
0x00007fff68c83000 	/usr/lib/system/libsystem_asl.dylib
0x00007fff68c9b000 	/usr/lib/system/libsystem_blocks.dylib
0x00007fff68c9c000 	/usr/lib/system/libsystem_c.dylib
0x00007fff68d25000 	/usr/lib/system/libsystem_configuration.dylib
0x00007fff68d29000 	/usr/lib/system/libsystem_coreservices.dylib
0x00007fff68d2d000 	/usr/lib/system/libsystem_darwin.dylib
0x00007fff68d34000 	/usr/lib/system/libsystem_dnssd.dylib
0x00007fff68d3b000 	/usr/lib/system/libsystem_info.dylib
0x00007fff68db0000 	/usr/lib/system/libsystem_m.dylib
0x00007fff68dfc000 	/usr/lib/system/libsystem_malloc.dylib
0x00007fff68e21000 	/usr/lib/system/libsystem_networkextension.dylib
0x00007fff68e2d000 	/usr/lib/system/libsystem_notify.dylib
0x00007fff68e4a000 	/usr/lib/system/libsystem_sandbox.dylib
0x00007fff68e4e000 	/usr/lib/system/libsystem_secinit.dylib
0x00007fff68d88000 	/usr/lib/system/libsystem_kernel.dylib
0x00007fff68e35000 	/usr/lib/system/libsystem_platform.dylib
0x00007fff68e3f000 	/usr/lib/system/libsystem_pthread.dylib
0x00007fff68e51000 	/usr/lib/system/libsystem_symptoms.dylib
0x00007fff68e59000 	/usr/lib/system/libsystem_trace.dylib
0x00007fff68e70000 	/usr/lib/system/libunwind.dylib
0x00007fff68e76000 	/usr/lib/system/libxpc.dylib
0x00007fff66300000 	/usr/lib/libbsm.0.dylib
0x00007fff68c6a000 	/usr/lib/system/libkxld.dylib
0x00007fff4c441000 	/System/Library/PrivateFrameworks/AppleFSCompression.framework/Versions/A/AppleFSCompression
0x00007fff65f84000 	/usr/lib/libOpenScriptingUtil.dylib
0x00007fff66663000 	/usr/lib/libcoretls.dylib
0x00007fff6667a000 	/usr/lib/libcoretls_cfhelpers.dylib
0x00007fff68305000 	/usr/lib/libpam.2.dylib
0x00007fff684c8000 	/usr/lib/libsqlite3.dylib
0x00007fff68930000 	/usr/lib/libxar.1.dylib
0x00007fff66311000 	/usr/lib/libbz2.1.0.dylib
0x00007fff6728d000 	/usr/lib/liblzma.5.dylib
0x00007fff67783000 	/usr/lib/libnetwork.dylib
0x00007fff66164000 	/usr/lib/libapple_nghttp2.dylib
0x00007fff6830c000 	/usr/lib/libpcap.A.dylib
0x00007fff3d1e0000 	/System/Library/Frameworks/CoreServices.framework/Versions/A/Frameworks/FSEvents.framework/Versions/A/FSEvents
0x00007fff3cebc000 	/System/Library/Frameworks/CoreServices.framework/Versions/A/Frameworks/CarbonCore.framework/Versions/A/CarbonCore
0x00007fff3d3b5000 	/System/Library/Frameworks/CoreServices.framework/Versions/A/Frameworks/Metadata.framework/Versions/A/Metadata
0x00007fff3d458000 	/System/Library/Frameworks/CoreServices.framework/Versions/A/Frameworks/OSServices.framework/Versions/A/OSServices
0x00007fff3d4a4000 	/System/Library/Frameworks/CoreServices.framework/Versions/A/Frameworks/SearchKit.framework/Versions/A/SearchKit
0x00007fff3ce3d000 	/System/Library/Frameworks/CoreServices.framework/Versions/A/Frameworks/AE.framework/Versions/A/AE
0x00007fff3d1e9000 	/System/Library/Frameworks/CoreServices.framework/Versions/A/Frameworks/LaunchServices.framework/Versions/A/LaunchServices
0x00007fff3d195000 	/System/Library/Frameworks/CoreServices.framework/Versions/A/Frameworks/DictionaryServices.framework/Versions/A/DictionaryServices
0x00007fff3d513000 	/System/Library/Frameworks/CoreServices.framework/Versions/A/Frameworks/SharedFileList.framework/Versions/A/SharedFileList
0x00007fff41c5f000 	/System/Library/Frameworks/NetFS.framework/Versions/A/NetFS
0x00007fff5b55c000 	/System/Library/PrivateFrameworks/NetAuth.framework/Versions/A/NetAuth
0x00007fff65980000 	/System/Library/PrivateFrameworks/login.framework/Versions/A/Frameworks/loginsupport.framework/Versions/A/loginsupport
0x00007fff6399c000 	/System/Library/PrivateFrameworks/TCC.framework/Versions/A/TCC
0x00007fff50137000 	/System/Library/PrivateFrameworks/CoreNLP.framework/Versions/A/CoreNLP
0x00007fff5afb2000 	/System/Library/PrivateFrameworks/MetadataUtilities.framework/Versions/A/MetadataUtilities
0x00007fff6736e000 	/usr/lib/libmecabra.dylib
0x00007fff39f69000 	/System/Library/Frameworks/ApplicationServices.framework/Versions/A/Frameworks/ATS.framework/Versions/A/ATS
0x00007fff3a2d4000 	/System/Library/Frameworks/ApplicationServices.framework/Versions/A/Frameworks/ColorSyncLegacy.framework/Versions/A/ColorSyncLegacy
0x00007fff3a375000 	/System/Library/Frameworks/ApplicationServices.framework/Versions/A/Frameworks/HIServices.framework/Versions/A/HIServices
0x00007fff3a3c8000 	/System/Library/Frameworks/ApplicationServices.framework/Versions/A/Frameworks/LangAnalysis.framework/Versions/A/LangAnalysis
0x00007fff3a3d7000 	/System/Library/Frameworks/ApplicationServices.framework/Versions/A/Frameworks/PrintCore.framework/Versions/A/PrintCore
0x00007fff3a424000 	/System/Library/Frameworks/ApplicationServices.framework/Versions/A/Frameworks/QD.framework/Versions/A/QD
0x00007fff3a460000 	/System/Library/Frameworks/ApplicationServices.framework/Versions/A/Frameworks/SpeechSynthesis.framework/Versions/A/SpeechSynthesis
0x00007fff663a0000 	/usr/lib/libcompression.dylib
0x00007fff3ba96000 	/System/Library/Frameworks/CoreDisplay.framework/Versions/A/CoreDisplay
0x00007fff40a60000 	/System/Library/Frameworks/MetalPerformanceShaders.framework/Versions/A/MetalPerformanceShaders
0x00007fff37eca000 	/System/Library/Frameworks/Accelerate.framework/Versions/A/Frameworks/vImage.framework/Versions/A/vImage
0x00007fff38f46000 	/System/Library/Frameworks/Accelerate.framework/Versions/A/Frameworks/vecLib.framework/Versions/A/vecLib
0x00007fff38e90000 	/System/Library/Frameworks/Accelerate.framework/Versions/A/Frameworks/vecLib.framework/Versions/A/libvMisc.dylib
0x00007fff38cab000 	/System/Library/Frameworks/Accelerate.framework/Versions/A/Frameworks/vecLib.framework/Versions/A/libvDSP.dylib
0x00007fff3856b000 	/System/Library/Frameworks/Accelerate.framework/Versions/A/Frameworks/vecLib.framework/Versions/A/libBLAS.dylib
0x00007fff38856000 	/System/Library/Frameworks/Accelerate.framework/Versions/A/Frameworks/vecLib.framework/Versions/A/libLAPACK.dylib
0x00007fff38bfd000 	/System/Library/Frameworks/Accelerate.framework/Versions/A/Frameworks/vecLib.framework/Versions/A/libLinearAlgebra.dylib
0x00007fff38c97000 	/System/Library/Frameworks/Accelerate.framework/Versions/A/Frameworks/vecLib.framework/Versions/A/libSparseBLAS.dylib
0x00007fff38c13000 	/System/Library/Frameworks/Accelerate.framework/Versions/A/Frameworks/vecLib.framework/Versions/A/libQuadrature.dylib
0x00007fff387e3000 	/System/Library/Frameworks/Accelerate.framework/Versions/A/Frameworks/vecLib.framework/Versions/A/libBNNS.dylib
0x00007fff38c19000 	/System/Library/Frameworks/Accelerate.framework/Versions/A/Frameworks/vecLib.framework/Versions/A/libSparse.dylib
0x00007fff57635000 	/System/Library/PrivateFrameworks/GPUWrangler.framework/Versions/A/GPUWrangler
0x00007fff599df000 	/System/Library/PrivateFrameworks/IOAccelerator.framework/Versions/A/IOAccelerator
0x00007fff599ea000 	/System/Library/PrivateFrameworks/IOPresentment.framework/Versions/A/IOPresentment
0x00007fff50f1a000 	/System/Library/PrivateFrameworks/DSExternalDisplay.framework/Versions/A/DSExternalDisplay
0x00007fff45114000 	/System/Library/Frameworks/OpenGL.framework/Versions/A/Libraries/libCoreFSCache.dylib
0x00007fff40854000 	/System/Library/Frameworks/MetalPerformanceShaders.framework/Frameworks/MPSCore.framework/Versions/A/MPSCore
0x00007fff40875000 	/System/Library/Frameworks/MetalPerformanceShaders.framework/Frameworks/MPSImage.framework/Versions/A/MPSImage
0x00007fff4091c000 	/System/Library/Frameworks/MetalPerformanceShaders.framework/Frameworks/MPSNeuralNetwork.framework/Versions/A/MPSNeuralNetwork
0x00007fff408f3000 	/System/Library/Frameworks/MetalPerformanceShaders.framework/Frameworks/MPSMatrix.framework/Versions/A/MPSMatrix
0x00007fff40a44000 	/System/Library/Frameworks/MetalPerformanceShaders.framework/Frameworks/MPSRayIntersector.framework/Versions/A/MPSRayIntersector
0x00007fff5afdb000 	/System/Library/PrivateFrameworks/MetalTools.framework/Versions/A/MetalTools
0x00007fff4bb3d000 	/System/Library/PrivateFrameworks/AggregateDictionary.framework/Versions/A/AggregateDictionary
0x00007fff65f64000 	/usr/lib/libMobileGestalt.dylib
0x00007fff3d9e0000 	/System/Library/Frameworks/CoreVideo.framework/Versions/A/CoreVideo
0x00007fff58499000 	/System/Library/PrivateFrameworks/GraphVisualizer.framework/Versions/A/GraphVisualizer
0x00007fff52245000 	/System/Library/PrivateFrameworks/FaceCore.framework/Versions/A/FaceCore
0x00007fff4472b000 	/System/Library/Frameworks/OpenCL.framework/Versions/A/OpenCL
0x00007fff65d4b000 	/usr/lib/libFosl_dynamic.dylib
0x00007fff5be31000 	/System/Library/PrivateFrameworks/OTSVG.framework/Versions/A/OTSVG
0x00007fff3a06d000 	/System/Library/Frameworks/ApplicationServices.framework/Versions/A/Frameworks/ATS.framework/Versions/A/Resources/libFontParser.dylib
0x00007fff3a18d000 	/System/Library/Frameworks/ApplicationServices.framework/Versions/A/Frameworks/ATS.framework/Versions/A/Resources/libFontRegistry.dylib
0x00007fff3e966000 	/System/Library/Frameworks/ImageIO.framework/Versions/A/Resources/libJPEG.dylib
0x00007fff3ec88000 	/System/Library/Frameworks/ImageIO.framework/Versions/A/Resources/libTIFF.dylib
0x00007fff3ec5e000 	/System/Library/Frameworks/ImageIO.framework/Versions/A/Resources/libPng.dylib
0x00007fff3e87b000 	/System/Library/Frameworks/ImageIO.framework/Versions/A/Resources/libGIF.dylib
0x00007fff3e880000 	/System/Library/Frameworks/ImageIO.framework/Versions/A/Resources/libJP2.dylib
0x00007fff3ec85000 	/System/Library/Frameworks/ImageIO.framework/Versions/A/Resources/libRadiance.dylib
0x00007fff4c59a000 	/System/Library/PrivateFrameworks/AppleJPEG.framework/Versions/A/AppleJPEG
0x00007fff4511f000 	/System/Library/Frameworks/OpenGL.framework/Versions/A/Libraries/libGFXShared.dylib
0x00007fff452e2000 	/System/Library/Frameworks/OpenGL.framework/Versions/A/Libraries/libGLU.dylib
0x00007fff45128000 	/System/Library/Frameworks/OpenGL.framework/Versions/A/Libraries/libGL.dylib
0x00007fff45134000 	/System/Library/Frameworks/OpenGL.framework/Versions/A/Libraries/libGLImage.dylib
0x00007fff45111000 	/System/Library/Frameworks/OpenGL.framework/Versions/A/Libraries/libCVMSPluginSupport.dylib
0x00007fff4511a000 	/System/Library/Frameworks/OpenGL.framework/Versions/A/Libraries/libCoreVMClient.dylib
0x00007fff66cf2000 	/usr/lib/libcups.2.dylib
0x00007fff3fd6c000 	/System/Library/Frameworks/Kerberos.framework/Versions/A/Kerberos
0x00007fff3e33e000 	/System/Library/Frameworks/GSS.framework/Versions/A/GSS
0x00007fff6845c000 	/usr/lib/libresolv.9.dylib
0x00007fff66ee9000 	/usr/lib/libiconv.2.dylib
0x00007fff5858f000 	/System/Library/PrivateFrameworks/Heimdal.framework/Versions/A/Heimdal
0x00007fff66eb8000 	/usr/lib/libheimdal-asn1.dylib
0x00007fff447a2000 	/System/Library/Frameworks/OpenDirectory.framework/Versions/A/OpenDirectory
0x00007fff4ee48000 	/System/Library/PrivateFrameworks/CommonAuth.framework/Versions/A/CommonAuth
0x00007fff44785000 	/System/Library/Frameworks/OpenDirectory.framework/Versions/A/Frameworks/CFOpenDirectory.framework/Versions/A/CFOpenDirectory
0x00007fff47905000 	/System/Library/Frameworks/SecurityFoundation.framework/Versions/A/SecurityFoundation
0x00007fff4b05c000 	/System/Library/PrivateFrameworks/APFS.framework/Versions/A/APFS
0x00007fff6892c000 	/usr/lib/libutil.dylib
0x00007fff6638e000 	/usr/lib/libcharset.1.dylib
0x00007fff4c833000 	/System/Library/PrivateFrameworks/AppleSauce.framework/Versions/A/AppleSauce
0x00007fff4c9c1000 	/System/Library/PrivateFrameworks/AssertionServices.framework/Versions/A/AssertionServices
0x00007fff4d228000 	/System/Library/PrivateFrameworks/BaseBoard.framework/Versions/A/BaseBoard
0x00007fff672bd000 	/usr/lib/libmecab.1.0.0.dylib
0x00007fff66eb2000 	/usr/lib/libgermantok.dylib
0x00007fff66150000 	/usr/lib/libThaiTokenizer.dylib
0x00007fff65c77000 	/usr/lib/libChineseTokenizer.dylib
0x00007fff5a112000 	/System/Library/PrivateFrameworks/LanguageModeling.framework/Versions/A/LanguageModeling
0x00007fff4fb4e000 	/System/Library/PrivateFrameworks/CoreEmoji.framework/Versions/A/CoreEmoji
0x00007fff5a20a000 	/System/Library/PrivateFrameworks/Lexicon.framework/Versions/A/Lexicon
0x00007fff5a252000 	/System/Library/PrivateFrameworks/LinguisticData.framework/Versions/A/LinguisticData
0x00007fff6638f000 	/usr/lib/libcmph.dylib
0x00007fff479c6000 	/System/Library/Frameworks/ServiceManagement.framework/Versions/A/ServiceManagement
0x00007fff4d17b000 	/System/Library/PrivateFrameworks/BackgroundTaskManagement.framework/Versions/A/BackgroundTaskManagement
0x00007fff68a26000 	/usr/lib/libxslt.1.dylib
0x00007fff3b15c000 	/System/Library/Frameworks/Carbon.framework/Versions/A/Frameworks/Ink.framework/Versions/A/Ink
0x00007fff63c18000 	/System/Library/PrivateFrameworks/TextureIO.framework/Versions/A/TextureIO
0x00007fff661a5000 	/usr/lib/libate.dylib
0x00007fff50e76000 	/System/Library/PrivateFrameworks/CrashReporterSupport.framework/Versions/A/CrashReporterSupport
0x00007fff60c48000 	/System/Library/PrivateFrameworks/Sharing.framework/Versions/A/Sharing
0x00007fff4cd07000 	/System/Library/PrivateFrameworks/AuthKit.framework/Versions/A/AuthKit
0x00007fff4c139000 	/System/Library/PrivateFrameworks/Apple80211.framework/Versions/A/Apple80211
0x00007fff50c3c000 	/System/Library/PrivateFrameworks/CoreUtils.framework/Versions/A/CoreUtils
0x00007fff3da1e000 	/System/Library/Frameworks/CoreWLAN.framework/Versions/A/CoreWLAN
0x00007fff3e487000 	/System/Library/Frameworks/IOBluetooth.framework/Versions/A/IOBluetooth
0x00007fff5efb2000 	/System/Library/PrivateFrameworks/ProtocolBuffer.framework/Versions/A/ProtocolBuffer
0x00007fff5b217000 	/System/Library/PrivateFrameworks/MobileKeyBag.framework/Versions/A/MobileKeyBag
0x00007fff50464000 	/System/Library/PrivateFrameworks/CorePhoneNumbers.framework/Versions/A/CorePhoneNumbers
0x00007fff4c54e000 	/System/Library/PrivateFrameworks/AppleIDAuthSupport.framework/Versions/A/AppleIDAuthSupport
0x00007fff5a0e4000 	/System/Library/PrivateFrameworks/KeychainCircle.framework/Versions/A/KeychainCircle
0x00007fff5f17f000 	/System/Library/PrivateFrameworks/ROCKit.framework/Versions/A/ROCKit
0x00007fff50e12000 	/System/Library/PrivateFrameworks/CoreWiFi.framework/Versions/A/CoreWiFi
0x00007fff3b6c9000 	/System/Library/Frameworks/CoreBluetooth.framework/Versions/A/CoreBluetooth
0x00007fff51066000 	/System/Library/PrivateFrameworks/DebugSymbols.framework/Versions/A/DebugSymbols
0x00007fff509f1000 	/System/Library/PrivateFrameworks/CoreSymbolication.framework/Versions/A/CoreSymbolication
0x00007fff63406000 	/System/Library/PrivateFrameworks/Symbolication.framework/Versions/A/Symbolication
0x00007fff62598000 	/System/Library/PrivateFrameworks/SpeechRecognitionCore.framework/Versions/A/SpeechRecognitionCore
0x0000000105800000 	/Library/Java/JavaVirtualMachines/jdk1.8.0_172.jdk/Contents/Home/jre/lib/server/libjvm.dylib
0x00007fff687f0000 	/usr/lib/libstdc++.6.dylib
0x0000000104fa3000 	/Library/Java/JavaVirtualMachines/jdk1.8.0_172.jdk/Contents/Home/jre/lib/libverify.dylib
0x0000000104fb1000 	/Library/Java/JavaVirtualMachines/jdk1.8.0_172.jdk/Contents/Home/jre/lib/libjava.dylib
0x0000000104ff0000 	/Library/Java/JavaVirtualMachines/jdk1.8.0_172.jdk/Contents/Home/jre/lib/libzip.dylib
0x00000001221a3000 	/Library/Java/JavaVirtualMachines/jdk1.8.0_172.jdk/Contents/Home/jre/lib/libnet.dylib
0x00000001223bf000 	/Library/Java/JavaVirtualMachines/jdk1.8.0_172.jdk/Contents/Home/jre/lib/libmanagement.dylib
0x00000001225cd000 	/Library/Java/JavaVirtualMachines/jdk1.8.0_172.jdk/Contents/Home/jre/lib/libosx.dylib
0x00000001225db000 	/Library/Java/JavaVirtualMachines/jdk1.8.0_172.jdk/Contents/Home/jre/lib/./libosxapp.dylib
0x00007fff3fd55000 	/System/Library/Frameworks/JavaVM.framework/Versions/A/Frameworks/JavaNativeFoundation.framework/Versions/A/JavaNativeFoundation
0x00007fff3fd5e000 	/System/Library/Frameworks/JavaVM.framework/Versions/A/Frameworks/JavaRuntimeSupport.framework/Versions/A/JavaRuntimeSupport
0x00007fff3ae45000 	/System/Library/Frameworks/Carbon.framework/Versions/A/Carbon
0x00007fff3ded7000 	/System/Library/Frameworks/ExceptionHandling.framework/Versions/A/ExceptionHandling
0x00007fff3ae46000 	/System/Library/Frameworks/Carbon.framework/Versions/A/Frameworks/CommonPanels.framework/Versions/A/CommonPanels
0x00007fff3b152000 	/System/Library/Frameworks/Carbon.framework/Versions/A/Frameworks/Help.framework/Versions/A/Help
0x00007fff3b156000 	/System/Library/Frameworks/Carbon.framework/Versions/A/Frameworks/ImageCapture.framework/Versions/A/ImageCapture
0x00007fff3b1f1000 	/System/Library/Frameworks/Carbon.framework/Versions/A/Frameworks/OpenScripting.framework/Versions/A/OpenScripting
0x00007fff3b22c000 	/System/Library/Frameworks/Carbon.framework/Versions/A/Frameworks/Print.framework/Versions/A/Print
0x00007fff3b22e000 	/System/Library/Frameworks/Carbon.framework/Versions/A/Frameworks/SecurityHI.framework/Versions/A/SecurityHI
0x00007fff3fd67000 	/System/Library/Frameworks/JavaVM.framework/Versions/A/JavaVM
0x00007fff59ffb000 	/System/Library/PrivateFrameworks/JavaLaunching.framework/Versions/A/JavaLaunching
0x00000001225f7000 	/Library/Java/JavaVirtualMachines/jdk1.8.0_172.jdk/Contents/Home/jre/lib/libjaas_unix.dylib
0x0000000121ca9000 	/Library/Java/JavaVirtualMachines/jdk1.8.0_172.jdk/Contents/Home/jre/lib/libnio.dylib
0x0000000121c87000 	/private/var/folders/dw/5q6jmz6s2h56fq7k1xy05lxr0000gn/T/liblz4-java5586737371471124732.dylib

VM Arguments:
jvm_args: -Xmx4G 
java_command: org.apache.spark.deploy.SparkSubmit --master local[200] --conf spark.driver.memory=4G phrase_generator.py
java_class_path (initial): /Users/vivek/anaconda3/lib/python3.6/site-packages/pyspark/conf:/Users/vivek/anaconda3/lib/python3.6/site-packages/pyspark/jars/breeze-macros_2.11-0.13.2.jar:/Users/vivek/anaconda3/lib/python3.6/site-packages/pyspark/jars/hadoop-yarn-client-2.7.3.jar:/Users/vivek/anaconda3/lib/python3.6/site-packages/pyspark/jars/stream-2.7.0.jar:/Users/vivek/anaconda3/lib/python3.6/site-packages/pyspark/jars/calcite-core-1.2.0-incubating.jar:/Users/vivek/anaconda3/lib/python3.6/site-packages/pyspark/jars/orc-core-1.5.5-nohive.jar:/Users/vivek/anaconda3/lib/python3.6/site-packages/pyspark/jars/machinist_2.11-0.6.1.jar:/Users/vivek/anaconda3/lib/python3.6/site-packages/pyspark/jars/jersey-media-jaxb-2.22.2.jar:/Users/vivek/anaconda3/lib/python3.6/site-packages/pyspark/jars/jackson-module-jaxb-annotations-2.6.7.jar:/Users/vivek/anaconda3/lib/python3.6/site-packages/pyspark/jars/spark-hive-thriftserver_2.11-2.4.4.jar:/Users/vivek/anaconda3/lib/python3.6/site-packages/pyspark/jars/minlog-1.3.0.jar:/Users/vivek/anaconda3/lib/python3.6/site-packages/pyspark/jars/hadoop-auth-2.7.3.jar:/Users/vivek/anaconda3/lib/python3.6/site-packages/pyspark/jars/jersey-client-2.22.2.jar:/Users/vivek/anaconda3/lib/python3.6/site-packages/pyspark/jars/xz-1.5.jar:/Users/vivek/anaconda3/lib/python3.6/site-packages/pyspark/jars/javolution-5.5.1.jar:/Users/vivek/anaconda3/lib/python3.6/site-packages/pyspark/jars/jta-1.1.jar:/Users/vivek/anaconda3/lib/python3.6/site-packages/pyspark/jars/pyrolite-4.13.jar:/Users/vivek/anaconda3/lib/python3.6/site-packages/pyspark/jars/jsr305-1.3.9.jar:/Users/vivek/anaconda3/lib/python3.6/site-packages/pyspark/jars/spark-streaming_2.11-2.4.4.jar:/Users/vivek/anaconda3/lib/python3.6/site-packages/pyspark/jars/aopalliance-1.0.jar:/Users/vivek/anaconda3/lib/python3.6/site-packages/pyspark/jars/commons-configuration-1.6.jar:/Users/vivek/anaconda3/lib/python3.6/site-packages/pyspark/jars/guice-servlet-3.0.jar:/Users/vivek/anaconda3/lib/python3.6/site-pack
Launcher Type: SUN_STANDARD

Environment Variables:
CLASSPATH=:/Users/vivek/stanford-parser-full-2018-10-17:/Users/vivek/stanford-ner-2018-10-16:/Users/vivek/stanford-postagger-full-2018-10-16:/Users/vivek/stanford-corenlp-full-2018-10-05/:/Users/vivek/SIREN-Research/stanford-ner-2018-02-27/stanford-ner.jar:/Users/vivek/SIREN-Research/stanford-ner-2018-02-27/lib/joda-time.jar:/Users/vivek/SIREN-Research/stanford-ner-2018-02-27/lib/jollyday-0.4.9.jar:/Users/vivek/SIREN-Research/stanford-ner-2018-02-27/lib/stanford-ner-resources.jar
PATH=/usr/local/opt/openssl/bin:/Users/vivek/anaconda3/bin:/Users/vivek/anaconda3/condabin:/usr/local/Cellar/icu4c/63.1:/usr/local/opt/icu4c/sbin:/usr/local/opt/icu4c/bin:/usr/local/Cellar/python:/Users/vivek/.jenv/shims:/Users/vivek/.cargo/bin:/usr/local/bin/mvn/bin/:/Users/vivek/SSAD/Assignments/Assignment-4/sonarqube-6.7/bin:/usr/local/opt/imagemagick@6/bin:/opt/local/bin:/opt/local/sbin:/usr/local/mysql/bin:/usr/local/include:/usr/local/bin:/bin:/sbin:/usr/bin:/usr/local/sbin:/usr/local/bin:/usr/local/bin:/usr/bin:/bin:/usr/sbin:/sbin:/usr/local/MacGPG2/bin:/opt/X11/bin:/Library/Frameworks/Mono.framework/Versions/Current/Commands
SHELL=/bin/bash
DISPLAY=/private/tmp/com.apple.launchd.KyTHxcTjP4/org.macosforge.xquartz:0

Signal Handlers:
SIGSEGV: [libjvm.dylib+0x5b6fd9], sa_mask[0]=11111111011111110111111111111111, sa_flags=SA_ONSTACK|SA_RESTART|SA_SIGINFO
SIGBUS: [libjvm.dylib+0x5b6fd9], sa_mask[0]=11111111011111110111111111111111, sa_flags=SA_RESTART|SA_SIGINFO
SIGFPE: [libjvm.dylib+0x48c8e8], sa_mask[0]=11111111011111110111111111111111, sa_flags=SA_RESTART|SA_SIGINFO
SIGPIPE: [libjvm.dylib+0x48c8e8], sa_mask[0]=11111111011111110111111111111111, sa_flags=SA_RESTART|SA_SIGINFO
SIGXFSZ: [libjvm.dylib+0x48c8e8], sa_mask[0]=11111111011111110111111111111111, sa_flags=SA_RESTART|SA_SIGINFO
SIGILL: [libjvm.dylib+0x48c8e8], sa_mask[0]=11111111011111110111111111111111, sa_flags=SA_RESTART|SA_SIGINFO
SIGUSR1: SIG_DFL, sa_mask[0]=11011111011111100000000111000110, sa_flags=none
SIGUSR2: [libjvm.dylib+0x48c406], sa_mask[0]=00000000000000000000000000000000, sa_flags=SA_RESTART|SA_SIGINFO
SIGHUP: [libjvm.dylib+0x48a9d1], sa_mask[0]=11111111011111110111111111111111, sa_flags=SA_RESTART|SA_SIGINFO
SIGINT: [libjvm.dylib+0x48a9d1], sa_mask[0]=11111111011111110111111111111111, sa_flags=SA_RESTART|SA_SIGINFO
SIGTERM: [libjvm.dylib+0x48a9d1], sa_mask[0]=11111111011111110111111111111111, sa_flags=SA_RESTART|SA_SIGINFO
SIGQUIT: [libjvm.dylib+0x48a9d1], sa_mask[0]=11111111011111110111111111111111, sa_flags=SA_RESTART|SA_SIGINFO


---------------  S Y S T E M  ---------------

OS:Bsduname:Darwin 18.0.0 Darwin Kernel Version 18.0.0: Wed Aug 22 20:13:40 PDT 2018; root:xnu-4903.201.2~1/RELEASE_X86_64 x86_64
rlimit: STACK 8192k, CORE 0k, NPROC 709, NOFILE 10240, AS infinity
load average:25.72 36.99 54.74

CPU:total 4 (initial active 4) (2 cores per cpu, 2 threads per core) family 6 model 61 stepping 4, cmov, cx8, fxsr, mmx, sse, sse2, sse3, ssse3, sse4.1, sse4.2, popcnt, avx, avx2, aes, clmul, erms, rtm, 3dnowpref, lzcnt, ht, tsc, tscinvbit, bmi1, bmi2, adx

Memory: 4k page, physical 8388608k(675812k free)

/proc/meminfo:


vm_info: Java HotSpot(TM) 64-Bit Server VM (25.172-b11) for bsd-amd64 JRE (1.8.0_172-b11), built on Mar 28 2018 15:38:02 by "java_re" with gcc 4.2.1 (Based on Apple Inc. build 5658) (LLVM build 2336.11.00)

time: Wed Dec  4 00:07:58 2019
elapsed time: 2067 seconds (0d 0h 34m 27s)

